#
# There is insufficient memory for the Java Runtime Environment to continue.
# Native memory allocation (malloc) failed to allocate 1048576 bytes. Error detail: AllocateHeap
# Possible reasons:
#   The system is out of physical RAM or swap space
#   This process is running with CompressedOops enabled, and the Java Heap may be blocking the growth of the native heap
# Possible solutions:
#   Reduce memory load on the system
#   Increase physical memory or swap space
#   Check if swap backing store is full
#   Decrease Java heap size (-Xmx/-Xms)
#   Decrease number of Java threads
#   Decrease Java thread stack sizes (-Xss)
#   Set larger code cache with -XX:ReservedCodeCacheSize=
#   JVM is running with Unscaled Compressed Oops mode in which the Java heap is
#     placed in the first 4GB address space. The Java Heap base address is the
#     maximum limit for the native heap growth. Please use -XX:HeapBaseMinAddress
#     to set the Java Heap base and to place the Java Heap above 4GB virtual address.
# This output file may be truncated or incomplete.
#
#  Out of Memory Error (allocation.cpp:44), pid=26596, tid=12464
#
# JRE version: OpenJDK Runtime Environment Temurin-21.0.8+9 (21.0.8+9) (build 21.0.8+9-LTS)
# Java VM: OpenJDK 64-Bit Server VM Temurin-21.0.8+9 (21.0.8+9-LTS, mixed mode, sharing, tiered, compressed oops, compressed class ptrs, parallel gc, windows-amd64)
# No core dump will be written. Minidumps are not enabled by default on client versions of Windows
#

---------------  S U M M A R Y ------------

Command Line: --add-modules=ALL-SYSTEM --add-opens=java.base/java.util=ALL-UNNAMED --add-opens=java.base/java.lang=ALL-UNNAMED --add-opens=java.base/sun.nio.fs=ALL-UNNAMED -Declipse.application=org.eclipse.jdt.ls.core.id1 -Dosgi.bundles.defaultStartLevel=4 -Declipse.product=org.eclipse.jdt.ls.core.product -Djava.import.generatesMetadataFilesAtProjectRoot=false -DDetectVMInstallationsJob.disabled=true -Dfile.encoding=utf8 -XX:+UseParallelGC -XX:GCTimeRatio=4 -XX:AdaptiveSizePolicyWeight=90 -Dsun.zip.disableMemoryMapping=true -Xmx2G -Xms100m -Xlog:disable -javaagent:c:\Users\ASUS\.vscode\extensions\redhat.java-1.45.2025080108-win32-x64\lombok\lombok-1.18.39-4050.jar -XX:+HeapDumpOnOutOfMemoryError -XX:HeapDumpPath=c:\Users\ASUS\AppData\Roaming\Code\User\workspaceStorage\12ff0955369a469bec2a59cb5fac1699\redhat.java -Daether.dependencyCollector.impl=bf -XX:+UnlockDiagnosticVMOptions -XX:+AllowArchivingWithJavaAgent -XX:+AutoCreateSharedArchive -XX:SharedArchiveFile=c:\Users\ASUS\AppData\Roaming\Code\User\globalStorage\redhat.java\1.45.2025080108\jdtls.jsa c:\Users\ASUS\.vscode\extensions\redhat.java-1.45.2025080108-win32-x64\server\plugins\org.eclipse.equinox.launcher_1.7.0.v20250519-0528.jar -configuration c:\Users\ASUS\AppData\Roaming\Code\User\globalStorage\redhat.java\1.45.2025080108\config_win -data c:\Users\ASUS\AppData\Roaming\Code\User\workspaceStorage\12ff0955369a469bec2a59cb5fac1699\redhat.java\jdt_ws --pipe=\\.\pipe\lsp-9ed2fc3462ccdd5b480189d10543b9a6-sock

Host: AMD Ryzen 5 4600H with Radeon Graphics         , 12 cores, 7G,  Windows 11 , 64 bit Build 26100 (10.0.26100.4484)
Time: Sat Aug  2 23:34:46 2025 SE Asia Standard Time elapsed time: 8372.996233 seconds (0d 2h 19m 32s)

---------------  T H R E A D  ---------------

Current thread (0x00000200ac7f9a80):  JavaThread "Attach Listener" daemon [_thread_in_vm, id=12464, stack(0x0000005d00c00000,0x0000005d00d00000) (1024K)]

Stack: [0x0000005d00c00000,0x0000005d00d00000]
Native frames: (J=compiled Java code, j=interpreted, Vv=VM code, C=native code)
V  [jvm.dll+0x6d2449]
V  [jvm.dll+0x8ae341]
V  [jvm.dll+0x8b08be]
V  [jvm.dll+0x8b0fa3]
V  [jvm.dll+0x280c96]
V  [jvm.dll+0xc0347]
V  [jvm.dll+0x6d2cf9]
V  [jvm.dll+0x131116]
V  [jvm.dll+0x3f2d16]
V  [jvm.dll+0x857e6b]
V  [jvm.dll+0x6d0b0d]
C  [ucrtbase.dll+0x37b0]
C  [KERNEL32.DLL+0x2e8d7]
C  [ntdll.dll+0x3c34c]


---------------  P R O C E S S  ---------------

Threads class SMR info:
_java_thread_list=0x000002010b7138d0, length=42, elements={
0x00000200aa30bd50, 0x00000200ac6fcfa0, 0x00000200ac7f2e20, 0x00000200ac7f8db0,
0x00000200ac7f9a80, 0x00000200ac7fbad0, 0x00000200ac8002a0, 0x00000200ac805550,
0x000002010a474fc0, 0x00000200ac7be9b0, 0x000002010a7b0420, 0x000002010b7d2060,
0x000002010b902750, 0x000002010bb839a0, 0x000002010bb7b1d0, 0x000002011060b6c0,
0x000002011058e180, 0x0000020110270a20, 0x00000201105deca0, 0x00000201106e3bb0,
0x00000201106e5c80, 0x00000201106e2e90, 0x00000201106e4f60, 0x0000020111e76740,
0x0000020111e77af0, 0x0000020111e76dd0, 0x0000020111e78ea0, 0x0000020111e77460,
0x0000020111e79530, 0x0000020111e78180, 0x0000020111e760b0, 0x0000020111e7a8e0,
0x0000020111e79bc0, 0x0000020111e7a250, 0x0000020111e7af70, 0x0000020111e7b600,
0x0000020113d566c0, 0x0000020113d53240, 0x0000020113d51170, 0x0000020113d50450,
0x000002011191b090, 0x0000020113af16e0
}

Java Threads: ( => current thread )
  0x00000200aa30bd50 JavaThread "main"                              [_thread_blocked, id=28240, stack(0x0000005d00500000,0x0000005d00600000) (1024K)]
  0x00000200ac6fcfa0 JavaThread "Reference Handler"          daemon [_thread_blocked, id=13460, stack(0x0000005d00900000,0x0000005d00a00000) (1024K)]
  0x00000200ac7f2e20 JavaThread "Finalizer"                  daemon [_thread_blocked, id=23816, stack(0x0000005d00a00000,0x0000005d00b00000) (1024K)]
  0x00000200ac7f8db0 JavaThread "Signal Dispatcher"          daemon [_thread_blocked, id=31832, stack(0x0000005d00b00000,0x0000005d00c00000) (1024K)]
=>0x00000200ac7f9a80 JavaThread "Attach Listener"            daemon [_thread_in_vm, id=12464, stack(0x0000005d00c00000,0x0000005d00d00000) (1024K)]
  0x00000200ac7fbad0 JavaThread "Service Thread"             daemon [_thread_blocked, id=17384, stack(0x0000005d00d00000,0x0000005d00e00000) (1024K)]
  0x00000200ac8002a0 JavaThread "Monitor Deflation Thread"   daemon [_thread_blocked, id=9568, stack(0x0000005d00e00000,0x0000005d00f00000) (1024K)]
  0x00000200ac805550 JavaThread "C2 CompilerThread0"         daemon [_thread_blocked, id=11316, stack(0x0000005d00f00000,0x0000005d01000000) (1024K)]
  0x000002010a474fc0 JavaThread "C1 CompilerThread0"         daemon [_thread_blocked, id=1008, stack(0x0000005d01000000,0x0000005d01100000) (1024K)]
  0x00000200ac7be9b0 JavaThread "Common-Cleaner"             daemon [_thread_blocked, id=12788, stack(0x0000005d01100000,0x0000005d01200000) (1024K)]
  0x000002010a7b0420 JavaThread "Notification Thread"        daemon [_thread_blocked, id=17496, stack(0x0000005d01200000,0x0000005d01300000) (1024K)]
  0x000002010b7d2060 JavaThread "Active Thread: Equinox Container: 603ecb12-d412-4308-819d-dba72f946b7e"        [_thread_blocked, id=22376, stack(0x0000005d01b00000,0x0000005d01c00000) (1024K)]
  0x000002010b902750 JavaThread "Refresh Thread: Equinox Container: 603ecb12-d412-4308-819d-dba72f946b7e" daemon [_thread_blocked, id=18680, stack(0x0000005d01c00000,0x0000005d01d00000) (1024K)]
  0x000002010bb839a0 JavaThread "Framework Event Dispatcher: Equinox Container: 603ecb12-d412-4308-819d-dba72f946b7e" daemon [_thread_blocked, id=5032, stack(0x0000005d01e00000,0x0000005d01f00000) (1024K)]
  0x000002010bb7b1d0 JavaThread "Start Level: Equinox Container: 603ecb12-d412-4308-819d-dba72f946b7e" daemon [_thread_blocked, id=27740, stack(0x0000005d01f00000,0x0000005d02000000) (1024K)]
  0x000002011060b6c0 JavaThread "Bundle File Closer"         daemon [_thread_blocked, id=26976, stack(0x0000005d02100000,0x0000005d02200000) (1024K)]
  0x000002011058e180 JavaThread "SCR Component Actor"        daemon [_thread_blocked, id=19804, stack(0x0000005d01300000,0x0000005d01400000) (1024K)]
  0x0000020110270a20 JavaThread "Worker-JM"                         [_thread_blocked, id=3800, stack(0x0000005d02300000,0x0000005d02400000) (1024K)]
  0x00000201105deca0 JavaThread "JNA Cleaner"                daemon [_thread_blocked, id=13756, stack(0x0000005d02400000,0x0000005d02500000) (1024K)]
  0x00000201106e3bb0 JavaThread "Java indexing"              daemon [_thread_blocked, id=17776, stack(0x0000005d02800000,0x0000005d02900000) (1024K)]
  0x00000201106e5c80 JavaThread "Thread-2"                   daemon [_thread_in_native, id=19928, stack(0x0000005d02f00000,0x0000005d03000000) (1024K)]
  0x00000201106e2e90 JavaThread "Thread-3"                   daemon [_thread_in_native, id=14172, stack(0x0000005d03000000,0x0000005d03100000) (1024K)]
  0x00000201106e4f60 JavaThread "Thread-4"                   daemon [_thread_in_native, id=25944, stack(0x0000005d03100000,0x0000005d03200000) (1024K)]
  0x0000020111e76740 JavaThread "Thread-5"                   daemon [_thread_in_native, id=32624, stack(0x0000005d03200000,0x0000005d03300000) (1024K)]
  0x0000020111e77af0 JavaThread "Thread-6"                   daemon [_thread_in_native, id=31760, stack(0x0000005d03300000,0x0000005d03400000) (1024K)]
  0x0000020111e76dd0 JavaThread "Thread-7"                   daemon [_thread_in_native, id=11672, stack(0x0000005d03400000,0x0000005d03500000) (1024K)]
  0x0000020111e78ea0 JavaThread "Thread-8"                   daemon [_thread_in_native, id=17568, stack(0x0000005d03500000,0x0000005d03600000) (1024K)]
  0x0000020111e77460 JavaThread "Thread-9"                   daemon [_thread_in_native, id=24172, stack(0x0000005d03600000,0x0000005d03700000) (1024K)]
  0x0000020111e79530 JavaThread "Thread-10"                  daemon [_thread_in_native, id=20468, stack(0x0000005d03700000,0x0000005d03800000) (1024K)]
  0x0000020111e78180 JavaThread "Thread-11"                  daemon [_thread_in_native, id=12304, stack(0x0000005d03800000,0x0000005d03900000) (1024K)]
  0x0000020111e760b0 JavaThread "Thread-12"                  daemon [_thread_in_native, id=27520, stack(0x0000005d03900000,0x0000005d03a00000) (1024K)]
  0x0000020111e7a8e0 JavaThread "Thread-13"                  daemon [_thread_in_native, id=5260, stack(0x0000005d03a00000,0x0000005d03b00000) (1024K)]
  0x0000020111e79bc0 JavaThread "Thread-14"                  daemon [_thread_in_native, id=5100, stack(0x0000005d03b00000,0x0000005d03c00000) (1024K)]
  0x0000020111e7a250 JavaThread "pool-2-thread-1"                   [_thread_blocked, id=12620, stack(0x0000005d03c00000,0x0000005d03d00000) (1024K)]
  0x0000020111e7af70 JavaThread "WorkspaceEventsHandler"            [_thread_blocked, id=7564, stack(0x0000005d03d00000,0x0000005d03e00000) (1024K)]
  0x0000020111e7b600 JavaThread "pool-1-thread-1"                   [_thread_blocked, id=29676, stack(0x0000005d03e00000,0x0000005d03f00000) (1024K)]
  0x0000020113d566c0 JavaThread "Cleaner-0"                  daemon [_thread_blocked, id=2120, stack(0x0000005d06700000,0x0000005d06800000) (1024K)]
  0x0000020113d53240 JavaThread "Java Debug Server"          daemon [_thread_in_native, id=20556, stack(0x0000005d02700000,0x0000005d02800000) (1024K)]
  0x0000020113d51170 JavaThread "RxSchedulerPurge-1"         daemon [_thread_blocked, id=21668, stack(0x0000005d02a00000,0x0000005d02b00000) (1024K)]
  0x0000020113d50450 JavaThread "RxCachedWorkerPoolEvictor-1" daemon [_thread_blocked, id=21164, stack(0x0000005d02c00000,0x0000005d02d00000) (1024K)]
  0x000002011191b090 JavaThread "Worker-49"                         [_thread_blocked, id=32512, stack(0x0000005d02200000,0x0000005d02300000) (1024K)]
  0x0000020113af16e0 JavaThread "Worker-55"                         [_thread_blocked, id=18508, stack(0x0000005d00300000,0x0000005d00400000) (1024K)]
Total: 42

Other Threads:
  0x00000200aa2e2240 VMThread "VM Thread"                           [id=13476, stack(0x0000005d00800000,0x0000005d00900000) (1024K)]
  0x00000200ac5dca00 WatcherThread "VM Periodic Task Thread"        [id=31984, stack(0x0000005d00700000,0x0000005d00800000) (1024K)]
  0x00000200aa2e1760 WorkerThread "GC Thread#0"                     [id=22244, stack(0x0000005d00600000,0x0000005d00700000) (1024K)]
  0x00000200aa2e25e0 WorkerThread "GC Thread#1"                     [id=14256, stack(0x0000005d01400000,0x0000005d01500000) (1024K)]
  0x00000200aa2e13c0 WorkerThread "GC Thread#2"                     [id=31308, stack(0x0000005d01500000,0x0000005d01600000) (1024K)]
  0x000002010bbaa150 WorkerThread "GC Thread#3"                     [id=25984, stack(0x0000005d01600000,0x0000005d01700000) (1024K)]
  0x000002010bbaccd0 WorkerThread "GC Thread#4"                     [id=26500, stack(0x0000005d01700000,0x0000005d01800000) (1024K)]
  0x000002010bba9db0 WorkerThread "GC Thread#5"                     [id=25844, stack(0x0000005d01800000,0x0000005d01900000) (1024K)]
  0x000002010bbac930 WorkerThread "GC Thread#6"                     [id=8464, stack(0x0000005d01900000,0x0000005d01a00000) (1024K)]
  0x000002010bbaa4f0 WorkerThread "GC Thread#7"                     [id=21840, stack(0x0000005d01d00000,0x0000005d01e00000) (1024K)]
  0x000002010bbad410 WorkerThread "GC Thread#8"                     [id=16752, stack(0x0000005d01a00000,0x0000005d01b00000) (1024K)]
  0x000002010bbad7b0 WorkerThread "GC Thread#9"                     [id=28552, stack(0x0000005d02000000,0x0000005d02100000) (1024K)]
Total: 12

Threads with active compile tasks:
Total: 0

VM state: not at safepoint (normal execution)

VM Mutex/Monitor currently owned by a thread: None

Heap address: 0x0000000080000000, size: 2048 MB, Compressed Oops mode: 32-bit

CDS archive(s) mapped at: [0x00000200c3000000-0x00000200c3ba0000-0x00000200c8c90000), size 97058816, SharedBaseAddress: 0x00000200c3000000, ArchiveRelocationMode: 1.
Compressed class space mapped at: 0x00000200c9000000-0x0000020109000000, reserved size: 1073741824
Narrow klass base: 0x00000200c3000000, Narrow klass shift: 0, Narrow klass range: 0x100000000

GC Precious Log:
 CardTable entry size: 512
 CPUs: 12 total, 12 available
 Memory: 7597M
 Large Page Support: Disabled
 NUMA Support: Disabled
 Compressed Oops: Enabled (32-bit)
 Alignments: Space 512K, Generation 512K, Heap 2M
 Heap Min Capacity: 100M
 Heap Initial Capacity: 100M
 Heap Max Capacity: 2G
 Pre-touch: Disabled
 Parallel Workers: 10

Heap:
 PSYoungGen      total 3584K, used 1300K [0x00000000d5580000, 0x00000000d5c00000, 0x0000000100000000)
  eden space 3072K, 34% used [0x00000000d5580000,0x00000000d5685290,0x00000000d5880000)
  from space 512K, 50% used [0x00000000d5b00000,0x00000000d5b40000,0x00000000d5b80000)
  to   space 512K, 0% used [0x00000000d5b80000,0x00000000d5b80000,0x00000000d5c00000)
 ParOldGen       total 929792K, used 641183K [0x0000000080000000, 0x00000000b8c00000, 0x00000000d5580000)
  object space 929792K, 68% used [0x0000000080000000,0x00000000a7227e58,0x00000000b8c00000)
 Metaspace       used 36565K, committed 37824K, reserved 1114112K
  class space    used 2766K, committed 3328K, reserved 1048576K

Card table byte_map: [0x00000200ac0f0000,0x00000200ac500000] _byte_map_base: 0x00000200abcf0000

Marking Bits: (ParMarkBitMap*) 0x00007fff0168a340
 Begin Bits: [0x00000200bebf0000, 0x00000200c0bf0000)
 End Bits:   [0x00000200c0bf0000, 0x00000200c2bf0000)

Polling page: 0x00000200aa580000

Metaspace:

Usage:
  Non-class:     33.01 MB used.
      Class:      2.70 MB used.
       Both:     35.71 MB used.

Virtual space:
  Non-class space:       64.00 MB reserved,      33.69 MB ( 53%) committed,  1 nodes.
      Class space:        1.00 GB reserved,       3.25 MB ( <1%) committed,  1 nodes.
             Both:        1.06 GB reserved,      36.94 MB (  3%) committed. 

Chunk freelists:
   Non-Class:  13.73 MB
       Class:  12.72 MB
        Both:  26.45 MB

MaxMetaspaceSize: unlimited
CompressedClassSpaceSize: 1.00 GB
Initial GC threshold: 21.00 MB
Current GC threshold: 56.06 MB
CDS: on
 - commit_granule_bytes: 65536.
 - commit_granule_words: 8192.
 - virtual_space_node_default_size: 8388608.
 - enlarge_chunks_in_place: 1.
 - use_allocation_guard: 0.


Internal statistics:

num_allocs_failed_limit: 3.
num_arena_births: 1428.
num_arena_deaths: 432.
num_vsnodes_births: 2.
num_vsnodes_deaths: 0.
num_space_committed: 592.
num_space_uncommitted: 1.
num_chunks_returned_to_freelist: 502.
num_chunks_taken_from_freelist: 3880.
num_chunk_merges: 153.
num_chunk_splits: 2081.
num_chunks_enlarged: 986.
num_inconsistent_stats: 0.

CodeHeap 'non-profiled nmethods': size=120000Kb used=25115Kb max_used=25115Kb free=94884Kb
 bounds [0x00000200b7410000, 0x00000200b8ca0000, 0x00000200be940000]
CodeHeap 'profiled nmethods': size=120000Kb used=53246Kb max_used=53246Kb free=66754Kb
 bounds [0x00000200af940000, 0x00000200b2d50000, 0x00000200b6e70000]
CodeHeap 'non-nmethods': size=5760Kb used=1507Kb max_used=1596Kb free=4252Kb
 bounds [0x00000200b6e70000, 0x00000200b70e0000, 0x00000200b7410000]
CodeCache: size=245760Kb, used=79868Kb, max_used=79957Kb, free=165890Kb
 total_blobs=22710, nmethods=21882, adapters=732, full_count=0
Compilation: enabled, stopped_count=0, restarted_count=0

Compilation events (20 events):
Event: 5862.463 Thread 0x000002010a474fc0 25647       3       java.util.logging.LogManager::demandLogger (53 bytes)
Event: 5862.472 Thread 0x000002010a474fc0 nmethod 25647 0x00000200b2d38b10 code [0x00000200b2d38d40, 0x00000200b2d39398]
Event: 5862.472 Thread 0x000002010a474fc0 25648       3       java.util.logging.LogManager::getLogger (9 bytes)
Event: 5862.474 Thread 0x000002010a474fc0 nmethod 25648 0x00000200b2d39610 code [0x00000200b2d397c0, 0x00000200b2d399d0]
Event: 6522.655 Thread 0x000002010a474fc0 25649       3       java.util.logging.Logger::getLogger (8 bytes)
Event: 6522.659 Thread 0x000002010a474fc0 nmethod 25649 0x00000200b2d39b10 code [0x00000200b2d39ce0, 0x00000200b2d39ea0]
Event: 6522.659 Thread 0x000002010a474fc0 25650       3       java.util.logging.Logger::getLogger (7 bytes)
Event: 6522.659 Thread 0x000002010a474fc0 nmethod 25650 0x00000200b2d39f90 code [0x00000200b2d3a140, 0x00000200b2d3a268]
Event: 6522.659 Thread 0x000002010a474fc0 25651       3       java.util.logging.Logger::demandLogger (36 bytes)
Event: 6522.664 Thread 0x000002010a474fc0 nmethod 25651 0x00000200b2d3a310 code [0x00000200b2d3a5a0, 0x00000200b2d3b050]
Event: 7386.901 Thread 0x000002010a474fc0 25652   !   3       org.eclipse.osgi.container.ModuleDatabase::getTimestamp (25 bytes)
Event: 7386.944 Thread 0x000002010a474fc0 nmethod 25652 0x00000200b2d3b490 code [0x00000200b2d3b6e0, 0x00000200b2d3c028]
Event: 7506.938 Thread 0x000002010a474fc0 25653       3       org.eclipse.osgi.storage.Storage::isReadOnly (10 bytes)
Event: 7506.946 Thread 0x000002010a474fc0 nmethod 25653 0x00000200b2d3c490 code [0x00000200b2d3c640, 0x00000200b2d3c7c0]
Event: 7686.982 Thread 0x000002010a474fc0 25654   !   3       org.eclipse.osgi.internal.framework.StorageSaver$StorageSaverTask::run (31 bytes)
Event: 7687.006 Thread 0x000002010a474fc0 nmethod 25654 0x00000200b2d3c890 code [0x00000200b2d3ca60, 0x00000200b2d3cd00]
Event: 7687.006 Thread 0x000002010a474fc0 25655   !   3       org.eclipse.osgi.storage.Storage::save (62 bytes)
Event: 7687.010 Thread 0x000002010a474fc0 nmethod 25655 0x00000200b2d3ce90 code [0x00000200b2d3d080, 0x00000200b2d3d3f0]
Event: 7687.010 Thread 0x000002010a474fc0 25656   !   3       org.eclipse.osgi.storage.Storage::save0 (246 bytes)
Event: 7687.052 Thread 0x000002010a474fc0 nmethod 25656 0x00000200b2d3d590 code [0x00000200b2d3daa0, 0x00000200b2d40688]

GC Heap History (20 events):
Event: 4558.831 GC heap before
{Heap before GC invocations=2267 (full 3):
 PSYoungGen      total 3584K, used 3184K [0x00000000d5580000, 0x00000000d5f80000, 0x0000000100000000)
  eden space 2048K, 100% used [0x00000000d5580000,0x00000000d5780000,0x00000000d5780000)
  from space 1536K, 73% used [0x00000000d5780000,0x00000000d589c000,0x00000000d5900000)
  to   space 3584K, 0% used [0x00000000d5c00000,0x00000000d5c00000,0x00000000d5f80000)
 ParOldGen       total 929792K, used 607068K [0x0000000080000000, 0x00000000b8c00000, 0x00000000d5580000)
  object space 929792K, 65% used [0x0000000080000000,0x00000000a50d7370,0x00000000b8c00000)
 Metaspace       used 36513K, committed 37760K, reserved 1114112K
  class space    used 2766K, committed 3328K, reserved 1048576K
}
Event: 4558.838 GC heap after
{Heap after GC invocations=2267 (full 3):
 PSYoungGen      total 4608K, used 1680K [0x00000000d5580000, 0x00000000d5e00000, 0x0000000100000000)
  eden space 2560K, 0% used [0x00000000d5580000,0x00000000d5580000,0x00000000d5800000)
  from space 2048K, 82% used [0x00000000d5c00000,0x00000000d5da4000,0x00000000d5e00000)
  to   space 2048K, 0% used [0x00000000d5a00000,0x00000000d5a00000,0x00000000d5c00000)
 ParOldGen       total 929792K, used 607772K [0x0000000080000000, 0x00000000b8c00000, 0x00000000d5580000)
  object space 929792K, 65% used [0x0000000080000000,0x00000000a5187370,0x00000000b8c00000)
 Metaspace       used 36513K, committed 37760K, reserved 1114112K
  class space    used 2766K, committed 3328K, reserved 1048576K
}
Event: 4558.878 GC heap before
{Heap before GC invocations=2268 (full 3):
 PSYoungGen      total 4608K, used 4240K [0x00000000d5580000, 0x00000000d5e00000, 0x0000000100000000)
  eden space 2560K, 100% used [0x00000000d5580000,0x00000000d5800000,0x00000000d5800000)
  from space 2048K, 82% used [0x00000000d5c00000,0x00000000d5da4000,0x00000000d5e00000)
  to   space 2048K, 0% used [0x00000000d5a00000,0x00000000d5a00000,0x00000000d5c00000)
 ParOldGen       total 929792K, used 607772K [0x0000000080000000, 0x00000000b8c00000, 0x00000000d5580000)
  object space 929792K, 65% used [0x0000000080000000,0x00000000a5187370,0x00000000b8c00000)
 Metaspace       used 36513K, committed 37760K, reserved 1114112K
  class space    used 2766K, committed 3328K, reserved 1048576K
}
Event: 4558.888 GC heap after
{Heap after GC invocations=2268 (full 3):
 PSYoungGen      total 4096K, used 576K [0x00000000d5580000, 0x00000000d5c80000, 0x0000000100000000)
  eden space 3072K, 0% used [0x00000000d5580000,0x00000000d5580000,0x00000000d5880000)
  from space 1024K, 56% used [0x00000000d5a00000,0x00000000d5a90000,0x00000000d5b00000)
  to   space 1024K, 0% used [0x00000000d5b80000,0x00000000d5b80000,0x00000000d5c80000)
 ParOldGen       total 929792K, used 608988K [0x0000000080000000, 0x00000000b8c00000, 0x00000000d5580000)
  object space 929792K, 65% used [0x0000000080000000,0x00000000a52b7390,0x00000000b8c00000)
 Metaspace       used 36513K, committed 37760K, reserved 1114112K
  class space    used 2766K, committed 3328K, reserved 1048576K
}
Event: 4559.239 GC heap before
{Heap before GC invocations=2269 (full 3):
 PSYoungGen      total 4096K, used 3648K [0x00000000d5580000, 0x00000000d5c80000, 0x0000000100000000)
  eden space 3072K, 100% used [0x00000000d5580000,0x00000000d5880000,0x00000000d5880000)
  from space 1024K, 56% used [0x00000000d5a00000,0x00000000d5a90000,0x00000000d5b00000)
  to   space 1024K, 0% used [0x00000000d5b80000,0x00000000d5b80000,0x00000000d5c80000)
 ParOldGen       total 929792K, used 639708K [0x0000000080000000, 0x00000000b8c00000, 0x00000000d5580000)
  object space 929792K, 68% used [0x0000000080000000,0x00000000a70b73c0,0x00000000b8c00000)
 Metaspace       used 36521K, committed 37760K, reserved 1114112K
  class space    used 2766K, committed 3328K, reserved 1048576K
}
Event: 4559.246 GC heap after
{Heap after GC invocations=2269 (full 3):
 PSYoungGen      total 3584K, used 480K [0x00000000d5580000, 0x00000000d5c00000, 0x0000000100000000)
  eden space 3072K, 0% used [0x00000000d5580000,0x00000000d5580000,0x00000000d5880000)
  from space 512K, 93% used [0x00000000d5b80000,0x00000000d5bf8000,0x00000000d5c00000)
  to   space 1024K, 0% used [0x00000000d5a00000,0x00000000d5a00000,0x00000000d5b00000)
 ParOldGen       total 929792K, used 640112K [0x0000000080000000, 0x00000000b8c00000, 0x00000000d5580000)
  object space 929792K, 68% used [0x0000000080000000,0x00000000a711c3d0,0x00000000b8c00000)
 Metaspace       used 36521K, committed 37760K, reserved 1114112K
  class space    used 2766K, committed 3328K, reserved 1048576K
}
Event: 4559.305 GC heap before
{Heap before GC invocations=2270 (full 3):
 PSYoungGen      total 3584K, used 3552K [0x00000000d5580000, 0x00000000d5c00000, 0x0000000100000000)
  eden space 3072K, 100% used [0x00000000d5580000,0x00000000d5880000,0x00000000d5880000)
  from space 512K, 93% used [0x00000000d5b80000,0x00000000d5bf8000,0x00000000d5c00000)
  to   space 1024K, 0% used [0x00000000d5a00000,0x00000000d5a00000,0x00000000d5b00000)
 ParOldGen       total 929792K, used 640112K [0x0000000080000000, 0x00000000b8c00000, 0x00000000d5580000)
  object space 929792K, 68% used [0x0000000080000000,0x00000000a711c3d0,0x00000000b8c00000)
 Metaspace       used 36522K, committed 37760K, reserved 1114112K
  class space    used 2766K, committed 3328K, reserved 1048576K
}
Event: 4559.309 GC heap after
{Heap after GC invocations=2270 (full 3):
 PSYoungGen      total 4096K, used 288K [0x00000000d5580000, 0x00000000d5c00000, 0x0000000100000000)
  eden space 3072K, 0% used [0x00000000d5580000,0x00000000d5580000,0x00000000d5880000)
  from space 1024K, 28% used [0x00000000d5a00000,0x00000000d5a48000,0x00000000d5b00000)
  to   space 512K, 0% used [0x00000000d5b80000,0x00000000d5b80000,0x00000000d5c00000)
 ParOldGen       total 929792K, used 640471K [0x0000000080000000, 0x00000000b8c00000, 0x00000000d5580000)
  object space 929792K, 68% used [0x0000000080000000,0x00000000a7175e28,0x00000000b8c00000)
 Metaspace       used 36522K, committed 37760K, reserved 1114112K
  class space    used 2766K, committed 3328K, reserved 1048576K
}
Event: 4661.342 GC heap before
{Heap before GC invocations=2271 (full 3):
 PSYoungGen      total 4096K, used 3359K [0x00000000d5580000, 0x00000000d5c00000, 0x0000000100000000)
  eden space 3072K, 99% used [0x00000000d5580000,0x00000000d587ffc8,0x00000000d5880000)
  from space 1024K, 28% used [0x00000000d5a00000,0x00000000d5a48000,0x00000000d5b00000)
  to   space 512K, 0% used [0x00000000d5b80000,0x00000000d5b80000,0x00000000d5c00000)
 ParOldGen       total 929792K, used 640471K [0x0000000080000000, 0x00000000b8c00000, 0x00000000d5580000)
  object space 929792K, 68% used [0x0000000080000000,0x00000000a7175e28,0x00000000b8c00000)
 Metaspace       used 36525K, committed 37760K, reserved 1114112K
  class space    used 2766K, committed 3328K, reserved 1048576K
}
Event: 4661.363 GC heap after
{Heap after GC invocations=2271 (full 3):
 PSYoungGen      total 3584K, used 288K [0x00000000d5580000, 0x00000000d5c00000, 0x0000000100000000)
  eden space 3072K, 0% used [0x00000000d5580000,0x00000000d5580000,0x00000000d5880000)
  from space 512K, 56% used [0x00000000d5b80000,0x00000000d5bc8000,0x00000000d5c00000)
  to   space 512K, 0% used [0x00000000d5b00000,0x00000000d5b00000,0x00000000d5b80000)
 ParOldGen       total 929792K, used 640543K [0x0000000080000000, 0x00000000b8c00000, 0x00000000d5580000)
  object space 929792K, 68% used [0x0000000080000000,0x00000000a7187e28,0x00000000b8c00000)
 Metaspace       used 36525K, committed 37760K, reserved 1114112K
  class space    used 2766K, committed 3328K, reserved 1048576K
}
Event: 5167.672 GC heap before
{Heap before GC invocations=2272 (full 3):
 PSYoungGen      total 3584K, used 3360K [0x00000000d5580000, 0x00000000d5c00000, 0x0000000100000000)
  eden space 3072K, 100% used [0x00000000d5580000,0x00000000d5880000,0x00000000d5880000)
  from space 512K, 56% used [0x00000000d5b80000,0x00000000d5bc8000,0x00000000d5c00000)
  to   space 512K, 0% used [0x00000000d5b00000,0x00000000d5b00000,0x00000000d5b80000)
 ParOldGen       total 929792K, used 640543K [0x0000000080000000, 0x00000000b8c00000, 0x00000000d5580000)
  object space 929792K, 68% used [0x0000000080000000,0x00000000a7187e28,0x00000000b8c00000)
 Metaspace       used 36533K, committed 37760K, reserved 1114112K
  class space    used 2766K, committed 3328K, reserved 1048576K
}
Event: 5167.752 GC heap after
{Heap after GC invocations=2272 (full 3):
 PSYoungGen      total 3584K, used 480K [0x00000000d5580000, 0x00000000d5c00000, 0x0000000100000000)
  eden space 3072K, 0% used [0x00000000d5580000,0x00000000d5580000,0x00000000d5880000)
  from space 512K, 93% used [0x00000000d5b00000,0x00000000d5b78010,0x00000000d5b80000)
  to   space 512K, 0% used [0x00000000d5b80000,0x00000000d5b80000,0x00000000d5c00000)
 ParOldGen       total 929792K, used 640695K [0x0000000080000000, 0x00000000b8c00000, 0x00000000d5580000)
  object space 929792K, 68% used [0x0000000080000000,0x00000000a71ade38,0x00000000b8c00000)
 Metaspace       used 36533K, committed 37760K, reserved 1114112K
  class space    used 2766K, committed 3328K, reserved 1048576K
}
Event: 5167.877 GC heap before
{Heap before GC invocations=2273 (full 3):
 PSYoungGen      total 3584K, used 3542K [0x00000000d5580000, 0x00000000d5c00000, 0x0000000100000000)
  eden space 3072K, 99% used [0x00000000d5580000,0x00000000d587d990,0x00000000d5880000)
  from space 512K, 93% used [0x00000000d5b00000,0x00000000d5b78010,0x00000000d5b80000)
  to   space 512K, 0% used [0x00000000d5b80000,0x00000000d5b80000,0x00000000d5c00000)
 ParOldGen       total 929792K, used 640695K [0x0000000080000000, 0x00000000b8c00000, 0x00000000d5580000)
  object space 929792K, 68% used [0x0000000080000000,0x00000000a71ade38,0x00000000b8c00000)
 Metaspace       used 36533K, committed 37760K, reserved 1114112K
  class space    used 2766K, committed 3328K, reserved 1048576K
}
Event: 5167.880 GC heap after
{Heap after GC invocations=2273 (full 3):
 PSYoungGen      total 3584K, used 256K [0x00000000d5580000, 0x00000000d5c00000, 0x0000000100000000)
  eden space 3072K, 0% used [0x00000000d5580000,0x00000000d5580000,0x00000000d5880000)
  from space 512K, 50% used [0x00000000d5b80000,0x00000000d5bc0000,0x00000000d5c00000)
  to   space 512K, 0% used [0x00000000d5b00000,0x00000000d5b00000,0x00000000d5b80000)
 ParOldGen       total 929792K, used 640967K [0x0000000080000000, 0x00000000b8c00000, 0x00000000d5580000)
  object space 929792K, 68% used [0x0000000080000000,0x00000000a71f1e58,0x00000000b8c00000)
 Metaspace       used 36533K, committed 37760K, reserved 1114112K
  class space    used 2766K, committed 3328K, reserved 1048576K
}
Event: 5167.933 GC heap before
{Heap before GC invocations=2274 (full 3):
 PSYoungGen      total 3584K, used 3316K [0x00000000d5580000, 0x00000000d5c00000, 0x0000000100000000)
  eden space 3072K, 99% used [0x00000000d5580000,0x00000000d587d218,0x00000000d5880000)
  from space 512K, 50% used [0x00000000d5b80000,0x00000000d5bc0000,0x00000000d5c00000)
  to   space 512K, 0% used [0x00000000d5b00000,0x00000000d5b00000,0x00000000d5b80000)
 ParOldGen       total 929792K, used 640967K [0x0000000080000000, 0x00000000b8c00000, 0x00000000d5580000)
  object space 929792K, 68% used [0x0000000080000000,0x00000000a71f1e58,0x00000000b8c00000)
 Metaspace       used 36533K, committed 37760K, reserved 1114112K
  class space    used 2766K, committed 3328K, reserved 1048576K
}
Event: 5167.936 GC heap after
{Heap after GC invocations=2274 (full 3):
 PSYoungGen      total 3584K, used 192K [0x00000000d5580000, 0x00000000d5c00000, 0x0000000100000000)
  eden space 3072K, 0% used [0x00000000d5580000,0x00000000d5580000,0x00000000d5880000)
  from space 512K, 37% used [0x00000000d5b00000,0x00000000d5b30000,0x00000000d5b80000)
  to   space 512K, 0% used [0x00000000d5b80000,0x00000000d5b80000,0x00000000d5c00000)
 ParOldGen       total 929792K, used 641031K [0x0000000080000000, 0x00000000b8c00000, 0x00000000d5580000)
  object space 929792K, 68% used [0x0000000080000000,0x00000000a7201e58,0x00000000b8c00000)
 Metaspace       used 36533K, committed 37760K, reserved 1114112K
  class space    used 2766K, committed 3328K, reserved 1048576K
}
Event: 5168.259 GC heap before
{Heap before GC invocations=2275 (full 3):
 PSYoungGen      total 3584K, used 3264K [0x00000000d5580000, 0x00000000d5c00000, 0x0000000100000000)
  eden space 3072K, 100% used [0x00000000d5580000,0x00000000d5880000,0x00000000d5880000)
  from space 512K, 37% used [0x00000000d5b00000,0x00000000d5b30000,0x00000000d5b80000)
  to   space 512K, 0% used [0x00000000d5b80000,0x00000000d5b80000,0x00000000d5c00000)
 ParOldGen       total 929792K, used 641031K [0x0000000080000000, 0x00000000b8c00000, 0x00000000d5580000)
  object space 929792K, 68% used [0x0000000080000000,0x00000000a7201e58,0x00000000b8c00000)
 Metaspace       used 36533K, committed 37760K, reserved 1114112K
  class space    used 2766K, committed 3328K, reserved 1048576K
}
Event: 5168.265 GC heap after
{Heap after GC invocations=2275 (full 3):
 PSYoungGen      total 3584K, used 224K [0x00000000d5580000, 0x00000000d5c00000, 0x0000000100000000)
  eden space 3072K, 0% used [0x00000000d5580000,0x00000000d5580000,0x00000000d5880000)
  from space 512K, 43% used [0x00000000d5b80000,0x00000000d5bb8000,0x00000000d5c00000)
  to   space 512K, 0% used [0x00000000d5b00000,0x00000000d5b00000,0x00000000d5b80000)
 ParOldGen       total 929792K, used 641111K [0x0000000080000000, 0x00000000b8c00000, 0x00000000d5580000)
  object space 929792K, 68% used [0x0000000080000000,0x00000000a7215e58,0x00000000b8c00000)
 Metaspace       used 36533K, committed 37760K, reserved 1114112K
  class space    used 2766K, committed 3328K, reserved 1048576K
}
Event: 6429.772 GC heap before
{Heap before GC invocations=2276 (full 3):
 PSYoungGen      total 3584K, used 3296K [0x00000000d5580000, 0x00000000d5c00000, 0x0000000100000000)
  eden space 3072K, 100% used [0x00000000d5580000,0x00000000d5880000,0x00000000d5880000)
  from space 512K, 43% used [0x00000000d5b80000,0x00000000d5bb8000,0x00000000d5c00000)
  to   space 512K, 0% used [0x00000000d5b00000,0x00000000d5b00000,0x00000000d5b80000)
 ParOldGen       total 929792K, used 641111K [0x0000000080000000, 0x00000000b8c00000, 0x00000000d5580000)
  object space 929792K, 68% used [0x0000000080000000,0x00000000a7215e58,0x00000000b8c00000)
 Metaspace       used 36542K, committed 37760K, reserved 1114112K
  class space    used 2766K, committed 3328K, reserved 1048576K
}
Event: 6429.874 GC heap after
{Heap after GC invocations=2276 (full 3):
 PSYoungGen      total 3584K, used 256K [0x00000000d5580000, 0x00000000d5c00000, 0x0000000100000000)
  eden space 3072K, 0% used [0x00000000d5580000,0x00000000d5580000,0x00000000d5880000)
  from space 512K, 50% used [0x00000000d5b00000,0x00000000d5b40000,0x00000000d5b80000)
  to   space 512K, 0% used [0x00000000d5b80000,0x00000000d5b80000,0x00000000d5c00000)
 ParOldGen       total 929792K, used 641183K [0x0000000080000000, 0x00000000b8c00000, 0x00000000d5580000)
  object space 929792K, 68% used [0x0000000080000000,0x00000000a7227e58,0x00000000b8c00000)
 Metaspace       used 36542K, committed 37760K, reserved 1114112K
  class space    used 2766K, committed 3328K, reserved 1048576K
}

Dll operation events (11 events):
Event: 0.064 Loaded shared library c:\Users\ASUS\.vscode\extensions\redhat.java-1.45.2025080108-win32-x64\jre\21.0.8-win32-x86_64\bin\java.dll
Event: 0.755 Loaded shared library c:\Users\ASUS\.vscode\extensions\redhat.java-1.45.2025080108-win32-x64\jre\21.0.8-win32-x86_64\bin\zip.dll
Event: 0.763 Loaded shared library C:\Users\ASUS\.vscode\extensions\redhat.java-1.45.2025080108-win32-x64\jre\21.0.8-win32-x86_64\bin\instrument.dll
Event: 0.774 Loaded shared library C:\Users\ASUS\.vscode\extensions\redhat.java-1.45.2025080108-win32-x64\jre\21.0.8-win32-x86_64\bin\net.dll
Event: 0.779 Loaded shared library C:\Users\ASUS\.vscode\extensions\redhat.java-1.45.2025080108-win32-x64\jre\21.0.8-win32-x86_64\bin\nio.dll
Event: 0.786 Loaded shared library C:\Users\ASUS\.vscode\extensions\redhat.java-1.45.2025080108-win32-x64\jre\21.0.8-win32-x86_64\bin\zip.dll
Event: 0.842 Loaded shared library C:\Users\ASUS\.vscode\extensions\redhat.java-1.45.2025080108-win32-x64\jre\21.0.8-win32-x86_64\bin\jimage.dll
Event: 1.037 Loaded shared library c:\Users\ASUS\.vscode\extensions\redhat.java-1.45.2025080108-win32-x64\jre\21.0.8-win32-x86_64\bin\verify.dll
Event: 3.006 Loaded shared library C:\Users\ASUS\AppData\Roaming\Code\User\globalStorage\redhat.java\1.45.2025080108\config_win\org.eclipse.equinox.launcher\org.eclipse.equinox.launcher.win32.win32.x86_64_1.2.1400.v20250731-1958\eclipse_11914.dll
Event: 6.463 Loaded shared library C:\Users\ASUS\AppData\Local\Temp\jna-2018896\jna15725656469801791662.dll
Event: 378.549 Loaded shared library C:\Users\ASUS\.vscode\extensions\redhat.java-1.45.2025080108-win32-x64\jre\21.0.8-win32-x86_64\bin\extnet.dll

Deoptimization events (20 events):
Event: 5004.765 Thread 0x0000020113d51170 Uncommon trap: trap_request=0xffffffd6 fr.pc=0x00000200b8c91b38 relative=0x00000000000002f8
Event: 5004.765 Thread 0x0000020113d51170 Uncommon trap: reason=array_check action=maybe_recompile pc=0x00000200b8c91b38 method=java.util.concurrent.ScheduledThreadPoolExecutor$DelayedWorkQueue.offer(Ljava/lang/Runnable;)Z @ 65 c2
Event: 5004.765 Thread 0x0000020113d51170 DEOPT PACKING pc=0x00000200b8c91b38 sp=0x0000005d02aff2d0
Event: 5004.765 Thread 0x0000020113d51170 DEOPT UNPACKING pc=0x00000200b6ec3aa2 sp=0x0000005d02aff170 mode 2
Event: 5166.947 Thread 0x0000020113af0330 Uncommon trap: trap_request=0xffffff45 fr.pc=0x00000200b8797be0 relative=0x0000000000000520
Event: 5166.950 Thread 0x0000020113af0330 Uncommon trap: reason=unstable_if action=reinterpret pc=0x00000200b8797be0 method=org.eclipse.core.internal.events.ResourceDelta.accept(Lorg/eclipse/core/resources/IResourceDeltaVisitor;I)V @ 59 c2
Event: 5166.950 Thread 0x0000020113af0330 DEOPT PACKING pc=0x00000200b8797be0 sp=0x0000005d002fe3a0
Event: 5166.951 Thread 0x0000020113af0330 DEOPT UNPACKING pc=0x00000200b6ec3aa2 sp=0x0000005d002fe328 mode 2
Event: 5168.910 Thread 0x0000020113aef610 Uncommon trap: trap_request=0xffffffd6 fr.pc=0x00000200b8c928bc relative=0x00000000000002fc
Event: 5168.910 Thread 0x0000020113aef610 Uncommon trap: reason=array_check action=maybe_recompile pc=0x00000200b8c928bc method=java.util.concurrent.ScheduledThreadPoolExecutor$DelayedWorkQueue.offer(Ljava/lang/Runnable;)Z @ 65 c2
Event: 5168.910 Thread 0x0000020113aef610 DEOPT PACKING pc=0x00000200b8c928bc sp=0x0000005d026fe820
Event: 5168.911 Thread 0x0000020113aef610 DEOPT UNPACKING pc=0x00000200b6ec3aa2 sp=0x0000005d026fe790 mode 2
Event: 5168.943 Thread 0x0000020113af3120 Uncommon trap: trap_request=0xffffffde fr.pc=0x00000200b7ea8578 relative=0x0000000000001078
Event: 5168.943 Thread 0x0000020113af3120 Uncommon trap: reason=class_check action=maybe_recompile pc=0x00000200b7ea8578 method=com.google.gson.internal.bind.ArrayTypeAdapter.read(Lcom/google/gson/stream/JsonReader;)Ljava/lang/Object; @ 1 c2
Event: 5168.943 Thread 0x0000020113af3120 DEOPT PACKING pc=0x00000200b7ea8578 sp=0x0000005d029fe940
Event: 5168.944 Thread 0x0000020113af3120 DEOPT UNPACKING pc=0x00000200b6ec3aa2 sp=0x0000005d029fe930 mode 2
Event: 5168.945 Thread 0x0000020113af3120 Uncommon trap: trap_request=0xffffffde fr.pc=0x00000200b7ea8578 relative=0x0000000000001078
Event: 5168.945 Thread 0x0000020113af3120 Uncommon trap: reason=class_check action=maybe_recompile pc=0x00000200b7ea8578 method=com.google.gson.internal.bind.ArrayTypeAdapter.read(Lcom/google/gson/stream/JsonReader;)Ljava/lang/Object; @ 1 c2
Event: 5168.945 Thread 0x0000020113af3120 DEOPT PACKING pc=0x00000200b7ea8578 sp=0x0000005d029fe940
Event: 5168.945 Thread 0x0000020113af3120 DEOPT UNPACKING pc=0x00000200b6ec3aa2 sp=0x0000005d029fe930 mode 2

Classes loaded (20 events):
Event: 3747.928 Loading class jdk/internal/module/IllegalAccessLogger
Event: 3747.928 Loading class jdk/internal/module/IllegalAccessLogger done
Event: 3765.369 Loading class jdk/internal/module/IllegalAccessLogger
Event: 3765.369 Loading class jdk/internal/module/IllegalAccessLogger done
Event: 3765.866 Loading class jdk/internal/module/IllegalAccessLogger
Event: 3765.866 Loading class jdk/internal/module/IllegalAccessLogger done
Event: 4381.937 Loading class jdk/internal/module/IllegalAccessLogger
Event: 4381.937 Loading class jdk/internal/module/IllegalAccessLogger done
Event: 4382.498 Loading class jdk/internal/module/IllegalAccessLogger
Event: 4382.498 Loading class jdk/internal/module/IllegalAccessLogger done
Event: 4410.788 Loading class jdk/internal/module/IllegalAccessLogger
Event: 4410.788 Loading class jdk/internal/module/IllegalAccessLogger done
Event: 4412.290 Loading class jdk/internal/module/IllegalAccessLogger
Event: 4412.290 Loading class jdk/internal/module/IllegalAccessLogger done
Event: 4523.534 Loading class jdk/internal/module/IllegalAccessLogger
Event: 4523.534 Loading class jdk/internal/module/IllegalAccessLogger done
Event: 4524.058 Loading class jdk/internal/module/IllegalAccessLogger
Event: 4524.058 Loading class jdk/internal/module/IllegalAccessLogger done
Event: 4558.369 Loading class jdk/internal/module/IllegalAccessLogger
Event: 4558.369 Loading class jdk/internal/module/IllegalAccessLogger done

Classes unloaded (20 events):
Event: 3661.204 Thread 0x00000200aa2e2240 Unloading class 0x00000200c9014c00 'java/lang/invoke/LambdaForm$MH+0x00000200c9014c00'
Event: 3661.204 Thread 0x00000200aa2e2240 Unloading class 0x00000200c9014800 'java/lang/invoke/LambdaForm$MH+0x00000200c9014800'
Event: 3661.204 Thread 0x00000200aa2e2240 Unloading class 0x00000200c9014400 'java/lang/invoke/LambdaForm$MH+0x00000200c9014400'
Event: 3661.204 Thread 0x00000200aa2e2240 Unloading class 0x00000200c9011800 'java/lang/invoke/LambdaForm$MH+0x00000200c9011800'
Event: 3661.204 Thread 0x00000200aa2e2240 Unloading class 0x00000200c9010800 'java/lang/invoke/LambdaForm$MH+0x00000200c9010800'
Event: 3661.204 Thread 0x00000200aa2e2240 Unloading class 0x00000200c9010000 'java/lang/invoke/LambdaForm$MH+0x00000200c9010000'
Event: 3661.204 Thread 0x00000200aa2e2240 Unloading class 0x00000200c9008c00 'java/lang/invoke/LambdaForm$MH+0x00000200c9008c00'
Event: 3661.204 Thread 0x00000200aa2e2240 Unloading class 0x00000200c9008800 'java/lang/invoke/LambdaForm$MH+0x00000200c9008800'
Event: 3661.204 Thread 0x00000200aa2e2240 Unloading class 0x00000200c9008400 'java/lang/invoke/LambdaForm$MH+0x00000200c9008400'
Event: 3661.204 Thread 0x00000200aa2e2240 Unloading class 0x00000200c9008000 'java/lang/invoke/LambdaForm$MH+0x00000200c9008000'
Event: 3661.204 Thread 0x00000200aa2e2240 Unloading class 0x00000200c9005c00 'java/lang/invoke/LambdaForm$MH+0x00000200c9005c00'
Event: 3661.204 Thread 0x00000200aa2e2240 Unloading class 0x00000200c9005800 'java/lang/invoke/LambdaForm$MH+0x00000200c9005800'
Event: 3661.204 Thread 0x00000200aa2e2240 Unloading class 0x00000200c9005400 'java/lang/invoke/LambdaForm$MH+0x00000200c9005400'
Event: 3661.204 Thread 0x00000200aa2e2240 Unloading class 0x00000200c9005000 'java/lang/invoke/LambdaForm$MH+0x00000200c9005000'
Event: 3661.204 Thread 0x00000200aa2e2240 Unloading class 0x00000200c9004c00 'java/lang/invoke/LambdaForm$MH+0x00000200c9004c00'
Event: 3661.204 Thread 0x00000200aa2e2240 Unloading class 0x00000200c9004800 'java/lang/invoke/LambdaForm$MH+0x00000200c9004800'
Event: 3661.204 Thread 0x00000200aa2e2240 Unloading class 0x00000200c9004400 'java/lang/invoke/LambdaForm$MH+0x00000200c9004400'
Event: 3661.204 Thread 0x00000200aa2e2240 Unloading class 0x00000200c9001c00 'java/lang/invoke/LambdaForm$MH+0x00000200c9001c00'
Event: 3661.204 Thread 0x00000200aa2e2240 Unloading class 0x00000200c9001800 'java/lang/invoke/LambdaForm$MH+0x00000200c9001800'
Event: 3661.204 Thread 0x00000200aa2e2240 Unloading class 0x00000200c9001000 'java/lang/invoke/LambdaForm$MH+0x00000200c9001000'

Classes redefined (0 events):
No events

Internal exceptions (20 events):
Event: 4523.200 Thread 0x0000020110b59180 Exception <a 'sun/nio/fs/WindowsException'{0x00000000d59e5350}> (0x00000000d59e5350) 
thrown [s\src\hotspot\share\prims\jni.cpp, line 520]
Event: 4523.204 Thread 0x0000020113aefca0 Exception <a 'sun/nio/fs/WindowsException'{0x00000000d55804b0}> (0x00000000d55804b0) 
thrown [s\src\hotspot\share\prims\jni.cpp, line 520]
Event: 4523.977 Thread 0x0000020113af1d70 Exception <a 'sun/nio/fs/WindowsException'{0x00000000d5654260}> (0x00000000d5654260) 
thrown [s\src\hotspot\share\prims\jni.cpp, line 520]
Event: 4523.977 Thread 0x0000020110b5d320 Exception <a 'sun/nio/fs/WindowsException'{0x00000000d56559c8}> (0x00000000d56559c8) 
thrown [s\src\hotspot\share\prims\jni.cpp, line 520]
Event: 4523.977 Thread 0x00000201119226b0 Exception <a 'sun/nio/fs/WindowsException'{0x00000000d5657498}> (0x00000000d5657498) 
thrown [s\src\hotspot\share\prims\jni.cpp, line 520]
Event: 4524.067 Thread 0x0000020113af1d70 Exception <a 'sun/nio/fs/WindowsException'{0x00000000d562b870}> (0x00000000d562b870) 
thrown [s\src\hotspot\share\prims\jni.cpp, line 520]
Event: 4524.068 Thread 0x0000020113af1d70 Exception <a 'sun/nio/fs/WindowsException'{0x00000000d562be88}> (0x00000000d562be88) 
thrown [s\src\hotspot\share\prims\jni.cpp, line 520]
Event: 4524.904 Thread 0x00000201106e3bb0 Exception <a 'sun/nio/fs/WindowsException'{0x00000000d5654dc0}> (0x00000000d5654dc0) 
thrown [s\src\hotspot\share\prims\jni.cpp, line 520]
Event: 4558.128 Thread 0x00000201106e3bb0 Exception <a 'sun/nio/fs/WindowsException'{0x00000000d5a41bb0}> (0x00000000d5a41bb0) 
thrown [s\src\hotspot\share\prims\jni.cpp, line 520]
Event: 4558.928 Thread 0x00000201106e3bb0 Exception <a 'sun/nio/fs/WindowsException'{0x00000000d55ce578}> (0x00000000d55ce578) 
thrown [s\src\hotspot\share\prims\jni.cpp, line 520]
Event: 5167.355 Thread 0x0000020113af0330 Exception <a 'sun/nio/fs/WindowsException'{0x00000000d5772168}> (0x00000000d5772168) 
thrown [s\src\hotspot\share\prims\jni.cpp, line 520]
Event: 5167.362 Thread 0x0000020113af0330 Exception <a 'sun/nio/fs/WindowsException'{0x00000000d5772a50}> (0x00000000d5772a50) 
thrown [s\src\hotspot\share\prims\jni.cpp, line 520]
Event: 5167.366 Thread 0x0000020113af0330 Exception <a 'sun/nio/fs/WindowsException'{0x00000000d5773768}> (0x00000000d5773768) 
thrown [s\src\hotspot\share\prims\jni.cpp, line 520]
Event: 5167.367 Thread 0x0000020113af0330 Exception <a 'sun/nio/fs/WindowsException'{0x00000000d57742c8}> (0x00000000d57742c8) 
thrown [s\src\hotspot\share\prims\jni.cpp, line 520]
Event: 5167.382 Thread 0x0000020113af0330 Exception <a 'sun/nio/fs/WindowsException'{0x00000000d5775a10}> (0x00000000d5775a10) 
thrown [s\src\hotspot\share\prims\jni.cpp, line 520]
Event: 5167.382 Thread 0x0000020113af0330 Exception <a 'sun/nio/fs/WindowsException'{0x00000000d57762a0}> (0x00000000d57762a0) 
thrown [s\src\hotspot\share\prims\jni.cpp, line 520]
Event: 5167.566 Thread 0x0000020113af0330 Exception <a 'sun/nio/fs/WindowsException'{0x00000000d5793d90}> (0x00000000d5793d90) 
thrown [s\src\hotspot\share\prims\jni.cpp, line 520]
Event: 5167.567 Thread 0x0000020113af0330 Exception <a 'sun/nio/fs/WindowsException'{0x00000000d5794658}> (0x00000000d5794658) 
thrown [s\src\hotspot\share\prims\jni.cpp, line 520]
Event: 5169.039 Thread 0x0000020113af3120 Exception <a 'sun/nio/fs/WindowsException'{0x00000000d5794228}> (0x00000000d5794228) 
thrown [s\src\hotspot\share\prims\jni.cpp, line 520]
Event: 5169.039 Thread 0x0000020113af3120 Exception <a 'sun/nio/fs/WindowsException'{0x00000000d57948b8}> (0x00000000d57948b8) 
thrown [s\src\hotspot\share\prims\jni.cpp, line 520]

ZGC Phase Switch (0 events):
No events

VM Operations (20 events):
Event: 7395.744 Executing VM operation: HandshakeAllThreads (HandshakeForDeflation)
Event: 7395.744 Executing VM operation: HandshakeAllThreads (HandshakeForDeflation) done
Event: 7395.744 Executing VM operation: RendezvousGCThreads
Event: 7395.744 Executing VM operation: RendezvousGCThreads done
Event: 7636.395 Executing VM operation: HandshakeAllThreads (HandshakeForDeflation)
Event: 7636.395 Executing VM operation: HandshakeAllThreads (HandshakeForDeflation) done
Event: 7636.395 Executing VM operation: RendezvousGCThreads
Event: 7636.395 Executing VM operation: RendezvousGCThreads done
Event: 8237.881 Executing VM operation: HandshakeAllThreads (HandshakeForDeflation)
Event: 8237.882 Executing VM operation: HandshakeAllThreads (HandshakeForDeflation) done
Event: 8237.882 Executing VM operation: RendezvousGCThreads
Event: 8237.882 Executing VM operation: RendezvousGCThreads done
Event: 8298.071 Executing VM operation: HandshakeAllThreads (HandshakeForDeflation)
Event: 8298.071 Executing VM operation: HandshakeAllThreads (HandshakeForDeflation) done
Event: 8298.071 Executing VM operation: RendezvousGCThreads
Event: 8298.071 Executing VM operation: RendezvousGCThreads done
Event: 8358.116 Executing VM operation: HandshakeAllThreads (HandshakeForDeflation)
Event: 8358.116 Executing VM operation: HandshakeAllThreads (HandshakeForDeflation) done
Event: 8358.116 Executing VM operation: RendezvousGCThreads
Event: 8358.116 Executing VM operation: RendezvousGCThreads done

Memory protections (0 events):
No events

Nmethod flushes (20 events):
Event: 3663.880 Thread 0x00000200aa2e2240 flushing  nmethod 0x00000200b1e5e010
Event: 3663.880 Thread 0x00000200aa2e2240 flushing  nmethod 0x00000200b1e5eb10
Event: 3663.880 Thread 0x00000200aa2e2240 flushing  nmethod 0x00000200b1e5f110
Event: 3663.880 Thread 0x00000200aa2e2240 flushing  nmethod 0x00000200b1e68410
Event: 3663.880 Thread 0x00000200aa2e2240 flushing  nmethod 0x00000200b1e75210
Event: 3663.881 Thread 0x00000200aa2e2240 flushing  nmethod 0x00000200b1ecb490
Event: 3663.881 Thread 0x00000200aa2e2240 flushing  nmethod 0x00000200b1ecc510
Event: 3663.881 Thread 0x00000200aa2e2240 flushing  nmethod 0x00000200b1ecd490
Event: 3663.881 Thread 0x00000200aa2e2240 flushing  nmethod 0x00000200b1ecda90
Event: 3663.881 Thread 0x00000200aa2e2240 flushing  nmethod 0x00000200b1ed4890
Event: 3663.881 Thread 0x00000200aa2e2240 flushing  nmethod 0x00000200b1ed5710
Event: 3663.882 Thread 0x00000200aa2e2240 flushing  nmethod 0x00000200b1edff10
Event: 3663.882 Thread 0x00000200aa2e2240 flushing  nmethod 0x00000200b1ee7390
Event: 3663.882 Thread 0x00000200aa2e2240 flushing  nmethod 0x00000200b1ee8190
Event: 3663.882 Thread 0x00000200aa2e2240 flushing  nmethod 0x00000200b1ee8f90
Event: 3663.882 Thread 0x00000200aa2e2240 flushing osr nmethod 0x00000200b1f29210
Event: 3663.882 Thread 0x00000200aa2e2240 flushing  nmethod 0x00000200b1f76090
Event: 3663.882 Thread 0x00000200aa2e2240 flushing  nmethod 0x00000200b1f99590
Event: 3663.882 Thread 0x00000200aa2e2240 flushing  nmethod 0x00000200b28c3410
Event: 3663.882 Thread 0x00000200aa2e2240 flushing  nmethod 0x00000200b28c6d90

Events (20 events):
Event: 5064.039 Thread 0x0000020113aefca0 Thread exited: 0x0000020113aefca0
Event: 5124.048 Thread 0x0000020110b5d9b0 Thread exited: 0x0000020110b5d9b0
Event: 5166.761 Thread 0x0000020111e7b600 Thread added: 0x0000020113af0330
Event: 5167.196 Thread 0x0000020113af0330 Thread added: 0x0000020113aefca0
Event: 5167.198 Thread 0x0000020113af0330 Thread added: 0x0000020113af2a90
Event: 5168.725 Thread 0x0000020113d53240 Thread added: 0x0000020113aef610
Event: 5168.914 Thread 0x0000020113aef610 Thread added: 0x0000020113af3120
Event: 5169.083 Thread 0x0000020113af3120 Thread added: 0x0000020113af1d70
Event: 5169.329 Thread 0x0000020113aef610 Thread added: 0x0000020113af37b0
Event: 5169.332 Thread 0x0000020113af1d70 Thread exited: 0x0000020113af1d70
Event: 5169.529 Thread 0x0000020113af37b0 Thread added: 0x0000020113af3e40
Event: 5169.547 Thread 0x0000020113af37b0 Thread exited: 0x0000020113af37b0
Event: 5184.050 Thread 0x000002011191bdb0 Thread exited: 0x000002011191bdb0
Event: 5197.803 Thread 0x0000020113af3120 Thread exited: 0x0000020113af3120
Event: 5227.816 Thread 0x0000020113aef610 Thread exited: 0x0000020113aef610
Event: 5244.054 Thread 0x0000020110b59ea0 Thread exited: 0x0000020110b59ea0
Event: 5257.859 Thread 0x0000020113aefca0 Thread exited: 0x0000020113aefca0
Event: 5257.859 Thread 0x0000020113af3e40 Thread exited: 0x0000020113af3e40
Event: 5317.874 Thread 0x0000020113af0330 Thread exited: 0x0000020113af0330
Event: 5377.885 Thread 0x0000020113af2a90 Thread exited: 0x0000020113af2a90


Dynamic libraries:
0x00007ff7905f0000 - 0x00007ff7905fe000 	c:\Users\ASUS\.vscode\extensions\redhat.java-1.45.2025080108-win32-x64\jre\21.0.8-win32-x86_64\bin\java.exe
0x00007fff63620000 - 0x00007fff63888000 	C:\WINDOWS\SYSTEM32\ntdll.dll
0x00007fff61ea0000 - 0x00007fff61f69000 	C:\WINDOWS\System32\KERNEL32.DLL
0x00007fff60f00000 - 0x00007fff612ed000 	C:\WINDOWS\System32\KERNELBASE.dll
0x00007fff60970000 - 0x00007fff60abb000 	C:\WINDOWS\System32\ucrtbase.dll
0x00007fff4a5b0000 - 0x00007fff4a5ce000 	c:\Users\ASUS\.vscode\extensions\redhat.java-1.45.2025080108-win32-x64\jre\21.0.8-win32-x86_64\bin\VCRUNTIME140.dll
0x00007fff5b580000 - 0x00007fff5b598000 	c:\Users\ASUS\.vscode\extensions\redhat.java-1.45.2025080108-win32-x64\jre\21.0.8-win32-x86_64\bin\jli.dll
0x00007fff61a10000 - 0x00007fff61bdc000 	C:\WINDOWS\System32\USER32.dll
0x00007fff4d0e0000 - 0x00007fff4d37a000 	C:\WINDOWS\WinSxS\amd64_microsoft.windows.common-controls_6595b64144ccf1df_6.0.26100.4484_none_3e0e6d4ce32ef3b3\COMCTL32.dll
0x00007fff612f0000 - 0x00007fff61317000 	C:\WINDOWS\System32\win32u.dll
0x00007fff613c0000 - 0x00007fff61469000 	C:\WINDOWS\System32\msvcrt.dll
0x00007fff62cd0000 - 0x00007fff62cfb000 	C:\WINDOWS\System32\GDI32.dll
0x00007fff60830000 - 0x00007fff60967000 	C:\WINDOWS\System32\gdi32full.dll
0x00007fff60e50000 - 0x00007fff60ef3000 	C:\WINDOWS\System32\msvcp_win.dll
0x00007fff62c80000 - 0x00007fff62caf000 	C:\WINDOWS\System32\IMM32.DLL
0x00007fff5d740000 - 0x00007fff5d74c000 	c:\Users\ASUS\.vscode\extensions\redhat.java-1.45.2025080108-win32-x64\jre\21.0.8-win32-x86_64\bin\vcruntime140_1.dll
0x00007fff4a520000 - 0x00007fff4a5ad000 	c:\Users\ASUS\.vscode\extensions\redhat.java-1.45.2025080108-win32-x64\jre\21.0.8-win32-x86_64\bin\msvcp140.dll
0x00007fff009d0000 - 0x00007fff01767000 	c:\Users\ASUS\.vscode\extensions\redhat.java-1.45.2025080108-win32-x64\jre\21.0.8-win32-x86_64\bin\server\jvm.dll
0x00007fff62a80000 - 0x00007fff62b34000 	C:\WINDOWS\System32\ADVAPI32.dll
0x00007fff61f70000 - 0x00007fff62016000 	C:\WINDOWS\System32\sechost.dll
0x00007fff62260000 - 0x00007fff62378000 	C:\WINDOWS\System32\RPCRT4.dll
0x00007fff62b50000 - 0x00007fff62bc4000 	C:\WINDOWS\System32\WS2_32.dll
0x00007fff58030000 - 0x00007fff58065000 	C:\WINDOWS\SYSTEM32\WINMM.dll
0x00007fff59080000 - 0x00007fff5908b000 	C:\WINDOWS\SYSTEM32\VERSION.dll
0x00007fff605c0000 - 0x00007fff6061e000 	C:\WINDOWS\SYSTEM32\POWRPROF.dll
0x00007fff605a0000 - 0x00007fff605b4000 	C:\WINDOWS\SYSTEM32\UMPDC.dll
0x00007fff5f510000 - 0x00007fff5f52b000 	C:\WINDOWS\SYSTEM32\kernel.appcore.dll
0x00007fff5a630000 - 0x00007fff5a63a000 	c:\Users\ASUS\.vscode\extensions\redhat.java-1.45.2025080108-win32-x64\jre\21.0.8-win32-x86_64\bin\jimage.dll
0x00007fff55080000 - 0x00007fff552c1000 	C:\WINDOWS\SYSTEM32\DBGHELP.DLL
0x00007fff62410000 - 0x00007fff62796000 	C:\WINDOWS\System32\combase.dll
0x00007fff62d30000 - 0x00007fff62e10000 	C:\WINDOWS\System32\OLEAUT32.dll
0x00007fff44b60000 - 0x00007fff44ba3000 	C:\WINDOWS\SYSTEM32\dbgcore.DLL
0x00007fff61320000 - 0x00007fff613b9000 	C:\WINDOWS\System32\bcryptPrimitives.dll
0x00007fff59ac0000 - 0x00007fff59acf000 	c:\Users\ASUS\.vscode\extensions\redhat.java-1.45.2025080108-win32-x64\jre\21.0.8-win32-x86_64\bin\instrument.dll
0x00007fff4a500000 - 0x00007fff4a51f000 	c:\Users\ASUS\.vscode\extensions\redhat.java-1.45.2025080108-win32-x64\jre\21.0.8-win32-x86_64\bin\java.dll
0x00007fff62e90000 - 0x00007fff635da000 	C:\WINDOWS\System32\SHELL32.dll
0x00007fff60ac0000 - 0x00007fff60c34000 	C:\WINDOWS\System32\wintypes.dll
0x00007fff5e3d0000 - 0x00007fff5ec2b000 	C:\WINDOWS\SYSTEM32\windows.storage.dll
0x00007fff61470000 - 0x00007fff61565000 	C:\WINDOWS\System32\SHCORE.dll
0x00007fff61db0000 - 0x00007fff61e1a000 	C:\WINDOWS\System32\shlwapi.dll
0x00007fff60680000 - 0x00007fff606af000 	C:\WINDOWS\SYSTEM32\profapi.dll
0x00007fff48340000 - 0x00007fff48358000 	c:\Users\ASUS\.vscode\extensions\redhat.java-1.45.2025080108-win32-x64\jre\21.0.8-win32-x86_64\bin\zip.dll
0x00007fff51200000 - 0x00007fff51210000 	C:\Users\ASUS\.vscode\extensions\redhat.java-1.45.2025080108-win32-x64\jre\21.0.8-win32-x86_64\bin\net.dll
0x00007fff5a8d0000 - 0x00007fff5a9ee000 	C:\WINDOWS\SYSTEM32\WINHTTP.dll
0x00007fff5faa0000 - 0x00007fff5fb0a000 	C:\WINDOWS\system32\mswsock.dll
0x00007fff334c0000 - 0x00007fff334d6000 	C:\Users\ASUS\.vscode\extensions\redhat.java-1.45.2025080108-win32-x64\jre\21.0.8-win32-x86_64\bin\nio.dll
0x00007fff4e640000 - 0x00007fff4e650000 	c:\Users\ASUS\.vscode\extensions\redhat.java-1.45.2025080108-win32-x64\jre\21.0.8-win32-x86_64\bin\verify.dll
0x00007fff2ffb0000 - 0x00007fff2fff4000 	C:\Users\ASUS\AppData\Roaming\Code\User\globalStorage\redhat.java\1.45.2025080108\config_win\org.eclipse.equinox.launcher\org.eclipse.equinox.launcher.win32.win32.x86_64_1.2.1400.v20250731-1958\eclipse_11914.dll
0x00007fff62030000 - 0x00007fff621ce000 	C:\WINDOWS\System32\ole32.dll
0x00007fff5fd60000 - 0x00007fff5fd7b000 	C:\WINDOWS\SYSTEM32\CRYPTSP.dll
0x00007fff5f470000 - 0x00007fff5f4ab000 	C:\WINDOWS\system32\rsaenh.dll
0x00007fff5fb40000 - 0x00007fff5fb6b000 	C:\WINDOWS\SYSTEM32\USERENV.dll
0x00007fff60650000 - 0x00007fff60676000 	C:\WINDOWS\SYSTEM32\bcrypt.dll
0x00007fff5fd50000 - 0x00007fff5fd5c000 	C:\WINDOWS\SYSTEM32\CRYPTBASE.dll
0x00007fff5ef40000 - 0x00007fff5ef73000 	C:\WINDOWS\SYSTEM32\IPHLPAPI.DLL
0x00007fff62b40000 - 0x00007fff62b4a000 	C:\WINDOWS\System32\NSI.dll
0x00007fff2ff10000 - 0x00007fff2ff59000 	C:\Users\ASUS\AppData\Local\Temp\jna-2018896\jna15725656469801791662.dll
0x00007fff61a00000 - 0x00007fff61a08000 	C:\WINDOWS\System32\PSAPI.DLL
0x00007fff5acb0000 - 0x00007fff5accf000 	C:\WINDOWS\SYSTEM32\dhcpcsvc6.DLL
0x00007fff5ac10000 - 0x00007fff5ac35000 	C:\WINDOWS\SYSTEM32\dhcpcsvc.DLL
0x00007fff5f640000 - 0x00007fff5f676000 	C:\WINDOWS\SYSTEM32\ntmarta.dll
0x00007fff4cd00000 - 0x00007fff4cd09000 	C:\Users\ASUS\.vscode\extensions\redhat.java-1.45.2025080108-win32-x64\jre\21.0.8-win32-x86_64\bin\extnet.dll

JVMTI agents:
c:\Users\ASUS\.vscode\extensions\redhat.java-1.45.2025080108-win32-x64\lombok\lombok-1.18.39-4050.jar path:c:\Users\ASUS\.vscode\extensions\redhat.java-1.45.2025080108-win32-x64\jre\21.0.8-win32-x86_64\bin\instrument.dll, loaded, initialized, instrumentlib options:none

dbghelp: loaded successfully - version: 4.0.5 - missing functions: none
symbol engine: initialized successfully - sym options: 0x614 - pdb path: .;c:\Users\ASUS\.vscode\extensions\redhat.java-1.45.2025080108-win32-x64\jre\21.0.8-win32-x86_64\bin;C:\WINDOWS\SYSTEM32;C:\WINDOWS\WinSxS\amd64_microsoft.windows.common-controls_6595b64144ccf1df_6.0.26100.4484_none_3e0e6d4ce32ef3b3;c:\Users\ASUS\.vscode\extensions\redhat.java-1.45.2025080108-win32-x64\jre\21.0.8-win32-x86_64\bin\server;C:\Users\ASUS\AppData\Roaming\Code\User\globalStorage\redhat.java\1.45.2025080108\config_win\org.eclipse.equinox.launcher\org.eclipse.equinox.launcher.win32.win32.x86_64_1.2.1400.v20250731-1958;C:\Users\ASUS\AppData\Local\Temp\jna-2018896

VM Arguments:
jvm_args: --add-modules=ALL-SYSTEM --add-opens=java.base/java.util=ALL-UNNAMED --add-opens=java.base/java.lang=ALL-UNNAMED --add-opens=java.base/sun.nio.fs=ALL-UNNAMED -Declipse.application=org.eclipse.jdt.ls.core.id1 -Dosgi.bundles.defaultStartLevel=4 -Declipse.product=org.eclipse.jdt.ls.core.product -Djava.import.generatesMetadataFilesAtProjectRoot=false -DDetectVMInstallationsJob.disabled=true -Dfile.encoding=utf8 -XX:+UseParallelGC -XX:GCTimeRatio=4 -XX:AdaptiveSizePolicyWeight=90 -Dsun.zip.disableMemoryMapping=true -Xmx2G -Xms100m -Xlog:disable -javaagent:c:\Users\ASUS\.vscode\extensions\redhat.java-1.45.2025080108-win32-x64\lombok\lombok-1.18.39-4050.jar -XX:+HeapDumpOnOutOfMemoryError -XX:HeapDumpPath=c:\Users\ASUS\AppData\Roaming\Code\User\workspaceStorage\12ff0955369a469bec2a59cb5fac1699\redhat.java -Daether.dependencyCollector.impl=bf -XX:+UnlockDiagnosticVMOptions -XX:+AllowArchivingWithJavaAgent -XX:+AutoCreateSharedArchive -XX:SharedArchiveFile=c:\Users\ASUS\AppData\Roaming\Code\User\globalStorage\redhat.java\1.45.2025080108\jdtls.jsa 
java_command: c:\Users\ASUS\.vscode\extensions\redhat.java-1.45.2025080108-win32-x64\server\plugins\org.eclipse.equinox.launcher_1.7.0.v20250519-0528.jar -configuration c:\Users\ASUS\AppData\Roaming\Code\User\globalStorage\redhat.java\1.45.2025080108\config_win -data c:\Users\ASUS\AppData\Roaming\Code\User\workspaceStorage\12ff0955369a469bec2a59cb5fac1699\redhat.java\jdt_ws --pipe=\\.\pipe\lsp-9ed2fc3462ccdd5b480189d10543b9a6-sock
java_class_path (initial): c:\Users\ASUS\.vscode\extensions\redhat.java-1.45.2025080108-win32-x64\server\plugins\org.eclipse.equinox.launcher_1.7.0.v20250519-0528.jar
Launcher Type: SUN_STANDARD

[Global flags]
    uintx AdaptiveSizePolicyWeight                 = 90                                        {product} {command line}
     bool AllowArchivingWithJavaAgent              = true                             {JVMCI diagnostic} {command line}
     bool AutoCreateSharedArchive                  = false                               {JVMCI product} {command line}
     intx CICompilerCount                          = 4                                         {product} {ergonomic}
    uintx GCTimeRatio                              = 4                                         {product} {command line}
     bool HeapDumpOnOutOfMemoryError               = true                                   {manageable} {command line}
    ccstr HeapDumpPath                             = c:\Users\ASUS\AppData\Roaming\Code\User\workspaceStorage\12ff0955369a469bec2a59cb5fac1699\redhat.java         {manageable} {command line}
   size_t InitialHeapSize                          = 104857600                                 {product} {command line}
   size_t MaxHeapSize                              = 2147483648                                {product} {command line}
   size_t MaxNewSize                               = 715653120                                 {product} {ergonomic}
   size_t MinHeapDeltaBytes                        = 524288                                    {product} {ergonomic}
   size_t MinHeapSize                              = 104857600                                 {product} {command line}
   size_t NewSize                                  = 34603008                                  {product} {ergonomic}
    uintx NonNMethodCodeHeapSize                   = 5839372                                {pd product} {ergonomic}
    uintx NonProfiledCodeHeapSize                  = 122909434                              {pd product} {ergonomic}
   size_t OldSize                                  = 70254592                                  {product} {ergonomic}
    uintx ProfiledCodeHeapSize                     = 122909434                              {pd product} {ergonomic}
    uintx ReservedCodeCacheSize                    = 251658240                              {pd product} {ergonomic}
     bool SegmentedCodeCache                       = true                                      {product} {ergonomic}
    ccstr SharedArchiveFile                        = c:\Users\ASUS\AppData\Roaming\Code\User\globalStorage\redhat.java\1.45.2025080108\jdtls.jsa      {JVMCI product} {command line}
   size_t SoftMaxHeapSize                          = 2147483648                             {manageable} {ergonomic}
     bool UnlockDiagnosticVMOptions                = true                                   {diagnostic} {command line}
     bool UseCompressedOops                        = true                           {product lp64_product} {ergonomic}
     bool UseLargePagesIndividualAllocation        = false                                  {pd product} {ergonomic}
     bool UseParallelGC                            = true                                      {product} {command line}

Logging:
Log output configuration:
 #0: stdout all=off uptime,level,tags foldmultilines=false
 #1: stderr all=off uptime,level,tags foldmultilines=false

Environment Variables:
PATH=C:\Program Files\Common Files\Oracle\Java\javapath;C:\Program Files\Microsoft MPI\Bin\;C:\Windows\system32;C:\Windows;C:\Windows\System32\Wbem;C:\Windows\System32\WindowsPowerShell\v1.0\;C:\Windows\System32\OpenSSH\;C:\Program Files (x86)\NVIDIA Corporation\PhysX\Common;C:\Program Files\NVIDIA Corporation\NVIDIA NvDLISR;C:\Program Files\dotnet\;D:\SQLData\SQLServer86\160\Tools\Binn\;D:\SQLData\SQLServer64\160\Tools\Binn\;D:\SQLData\SQLServer64\Client SDK\ODBC\170\Tools\Binn\;D:\SQLData\SQLServer64\160\DTS\Binn\;D:\SQLData\SQLServer86\160\DTS\Binn\;C:\Program Files (x86)\Microsoft SQL Server\160\DTS\Binn\;C:\Program Files\Microsoft SQL Server\Client SDK\ODBC\170\Tools\Binn\;C:\Program Files\Microsoft SQL Server\160\DTS\Binn\;C:\Program Files\Git\cmd;C:\Program Files\nodejs\;%SystemRoot%\system32;%SystemRoot%;%SystemRoot%\System32\Wbem;%SYSTEMROOT%\System32\WindowsPowerShell\v1.0\;%SYSTEMROOT%\System32\OpenSSH\;C:\Program Files\MySQL\MySQL Shell 8.0\bin\;C:\Users\ASUS\AppData\Local\Programs\Python\Python312\Scripts\;C:\Users\ASUS\AppData\Local\Programs\Python\Python312\;C:\Users\ASUS\AppData\Local\Programs\Python\Launcher\;C:\Program Files\Common Files\Oracle\Java\javapath;C:\Program Files\Microsoft MPI\Bin\;C:\Windows\system32;C:\Windows;C:\Windows\System32\Wbem;C:\Windows\System32\WindowsPowerShell\v1.0\;C:\Windows\System32\OpenSSH\;C:\Program Files (x86)\NVIDIA Corporation\PhysX\Common;C:\Program Files\NVIDIA Corporation\NVIDIA NvDLISR;C:\Program Files\dotnet\;D:\SQLData\SQLServer86\160\Tools\Binn\;D:\SQLData\SQLServer64\160\Tools\Binn\;D:\SQLData\SQLServer64\Client SDK\ODBC\170\Tools\Binn\;D:\SQLData\SQLServer64\160\DTS\Binn\;D:\SQLData\SQLServer86\160\DTS\Binn\;C:\Program Files (x86)\Microsoft SQL Server\160\DTS\Binn\;C:\Program Files\Microsoft SQL Server\Client SDK\ODBC\170\Tools\Binn\;C:\Program Files\Microsoft SQL Server\160\DTS\Binn\;C:\Program Files\Git\cmd;C:\Program Files\nodejs\;C:\Users\ASUS\AppData\Local\Microsoft\WindowsApps;C:\Users\ASUS\AppData\Roaming\npm;C:\Program Files\nodejs" /M;C:\Users\ASUS\AppData\Local\Programs\Microsoft VS Code\bin;C:\Users\ASUS\AppData\Local\Microsoft\WindowsApps;
USERNAME=ASUS
OS=Windows_NT
PROCESSOR_IDENTIFIER=AMD64 Family 23 Model 96 Stepping 1, AuthenticAMD
TMP=C:\Users\ASUS\AppData\Local\Temp
TEMP=C:\Users\ASUS\AppData\Local\Temp




Periodic native trim disabled

---------------  S Y S T E M  ---------------

OS:
 Windows 11 , 64 bit Build 26100 (10.0.26100.4484)
OS uptime: 1 days 1:54 hours

CPU: total 12 (initial active 12) (12 cores per cpu, 2 threads per core) family 23 model 96 stepping 1 microcode 0x8600106, cx8, cmov, fxsr, ht, mmx, 3dnowpref, sse, sse2, sse3, ssse3, sse4a, sse4.1, sse4.2, popcnt, lzcnt, tsc, tscinvbit, avx, avx2, aes, clmul, bmi1, bmi2, adx, sha, fma, vzeroupper, clflush, clflushopt, rdtscp, rdpid, f16c
Processor Information for the first 12 processors :
  Max Mhz: 3001, Current Mhz: 3001, Mhz Limit: 3001

Memory: 4k page, system-wide physical 7597M (605M free)
TotalPageFile size 31149M (AvailPageFile size 4M)
current process WorkingSet (physical memory assigned to process): 9M, peak: 1067M
current process commit charge ("private bytes"): 1331M, peak: 1361M

vm_info: OpenJDK 64-Bit Server VM (21.0.8+9-LTS) for windows-amd64 JRE (21.0.8+9-LTS), built on 2025-07-15T00:00:00Z by "admin" with MS VC++ 17.7 (VS2022)

END.
