#
# There is insufficient memory for the Java Runtime Environment to continue.
# Native memory allocation (malloc) failed to allocate 1343776 bytes. Error detail: Chunk::new
# Possible reasons:
#   The system is out of physical RAM or swap space
#   This process is running with CompressedOops enabled, and the Java Heap may be blocking the growth of the native heap
# Possible solutions:
#   Reduce memory load on the system
#   Increase physical memory or swap space
#   Check if swap backing store is full
#   Decrease Java heap size (-Xmx/-Xms)
#   Decrease number of Java threads
#   Decrease Java thread stack sizes (-Xss)
#   Set larger code cache with -XX:ReservedCodeCacheSize=
#   JVM is running with Unscaled Compressed Oops mode in which the Java heap is
#     placed in the first 4GB address space. The Java Heap base address is the
#     maximum limit for the native heap growth. Please use -XX:HeapBaseMinAddress
#     to set the Java Heap base and to place the Java Heap above 4GB virtual address.
# This output file may be truncated or incomplete.
#
#  Out of Memory Error (arena.cpp:168), pid=19772, tid=20036
#
# JRE version: OpenJDK Runtime Environment Temurin-21.0.8+9 (21.0.8+9) (build 21.0.8+9-LTS)
# Java VM: OpenJDK 64-Bit Server VM Temurin-21.0.8+9 (21.0.8+9-LTS, mixed mode, sharing, tiered, compressed oops, compressed class ptrs, parallel gc, windows-amd64)
# No core dump will be written. Minidumps are not enabled by default on client versions of Windows
#

---------------  S U M M A R Y ------------

Command Line: --add-modules=ALL-SYSTEM --add-opens=java.base/java.util=ALL-UNNAMED --add-opens=java.base/java.lang=ALL-UNNAMED --add-opens=java.base/sun.nio.fs=ALL-UNNAMED -Declipse.application=org.eclipse.jdt.ls.core.id1 -Dosgi.bundles.defaultStartLevel=4 -Declipse.product=org.eclipse.jdt.ls.core.product -Djava.import.generatesMetadataFilesAtProjectRoot=false -DDetectVMInstallationsJob.disabled=true -Dfile.encoding=utf8 -XX:+UseParallelGC -XX:GCTimeRatio=4 -XX:AdaptiveSizePolicyWeight=90 -Dsun.zip.disableMemoryMapping=true -Xmx2G -Xms100m -Xlog:disable -javaagent:c:\Users\ASUS\.vscode\extensions\redhat.java-1.45.2025080108-win32-x64\lombok\lombok-1.18.39-4050.jar -XX:+HeapDumpOnOutOfMemoryError -XX:HeapDumpPath=c:\Users\ASUS\AppData\Roaming\Code\User\workspaceStorage\12ff0955369a469bec2a59cb5fac1699\redhat.java -Daether.dependencyCollector.impl=bf -XX:+UnlockDiagnosticVMOptions -XX:+AllowArchivingWithJavaAgent -XX:+AutoCreateSharedArchive -XX:SharedArchiveFile=c:\Users\ASUS\AppData\Roaming\Code\User\globalStorage\redhat.java\1.45.2025080108\jdtls.jsa c:\Users\ASUS\.vscode\extensions\redhat.java-1.45.2025080108-win32-x64\server\plugins\org.eclipse.equinox.launcher_1.7.0.v20250519-0528.jar -configuration c:\Users\ASUS\AppData\Roaming\Code\User\globalStorage\redhat.java\1.45.2025080108\config_win -data c:\Users\ASUS\AppData\Roaming\Code\User\workspaceStorage\12ff0955369a469bec2a59cb5fac1699\redhat.java\jdt_ws --pipe=\\.\pipe\lsp-fab2a193768cf25376e48482fb947a15-sock

Host: AMD Ryzen 5 4600H with Radeon Graphics         , 12 cores, 7G,  Windows 11 , 64 bit Build 26100 (10.0.26100.4484)
Time: Sun Aug  3 01:12:20 2025 SE Asia Standard Time elapsed time: 60.355847 seconds (0d 0h 1m 0s)

---------------  T H R E A D  ---------------

Current thread (0x000001c704a76080):  JavaThread "C2 CompilerThread0" daemon [_thread_in_native, id=20036, stack(0x000000bdcac00000,0x000000bdcad00000) (1024K)]


Current CompileTask:
C2:60355 14787   !   4       lombok.core.AST::buildWithField0 (121 bytes)

Stack: [0x000000bdcac00000,0x000000bdcad00000]
Native frames: (J=compiled Java code, j=interpreted, Vv=VM code, C=native code)
V  [jvm.dll+0x6d2449]
V  [jvm.dll+0x8ae341]
V  [jvm.dll+0x8b08be]
V  [jvm.dll+0x8b0fa3]
V  [jvm.dll+0x280c96]
V  [jvm.dll+0xc581d]
V  [jvm.dll+0xc5d53]
V  [jvm.dll+0x3b919c]
V  [jvm.dll+0x1e1213]
V  [jvm.dll+0x249022]
V  [jvm.dll+0x2484af]
V  [jvm.dll+0x1c89ee]
V  [jvm.dll+0x257d4d]
V  [jvm.dll+0x2562ea]
V  [jvm.dll+0x3f2d16]
V  [jvm.dll+0x857e6b]
V  [jvm.dll+0x6d0b0d]
C  [ucrtbase.dll+0x37b0]
C  [KERNEL32.DLL+0x2e8d7]
C  [ntdll.dll+0x3c34c]


---------------  P R O C E S S  ---------------

Threads class SMR info:
_java_thread_list=0x000001c768777360, length=79, elements={
0x000001c70258a880, 0x000001c704a65400, 0x000001c704a65f50, 0x000001c704a73360,
0x000001c704a73db0, 0x000001c704a74800, 0x000001c704a75250, 0x000001c704a76080,
0x000001c704a7d720, 0x000001c7628b6810, 0x000001c762acd620, 0x000001c76376d100,
0x000001c76812f370, 0x000001c7680e9cf0, 0x000001c7680f2480, 0x000001c768558650,
0x000001c768306960, 0x000001c762aa9320, 0x000001c762aa7250, 0x000001c762aa78e0,
0x000001c762aa5ea0, 0x000001c762aa6530, 0x000001c762aa6bc0, 0x000001c76ab5dd50,
0x000001c76ab5b5f0, 0x000001c76ab5c9a0, 0x000001c76ab5d6c0, 0x000001c76ab5d030,
0x000001c76ab5a8d0, 0x000001c76ab5e3e0, 0x000001c76ab5af60, 0x000001c76ab5ea70,
0x000001c76ab5f100, 0x000001c76ab5bc80, 0x000001c76ab5f790, 0x000001c76ab5c310,
0x000001c76ab61860, 0x000001c76ab5fe20, 0x000001c76ab611d0, 0x000001c76ab604b0,
0x000001c76ab61ef0, 0x000001c76ab60b40, 0x000001c768724df0, 0x000001c7687261a0,
0x000001c769a5f060, 0x000001c769a61130, 0x000001c769a5fd80, 0x000001c769a60aa0,
0x000001c769a5dcb0, 0x000001c769a5f6f0, 0x000001c769a5e340, 0x000001c769a60410,
0x000001c769a61e50, 0x000001c769a617c0, 0x000001c769a5e9d0, 0x000001c769a63890,
0x000001c769a652d0, 0x000001c769a624e0, 0x000001c769a64c40, 0x000001c769a62b70,
0x000001c769a645b0, 0x000001c769a63f20, 0x000001c769a63200, 0x000001c769ecf0f0,
0x000001c769ecdd40, 0x000001c769ecd6b0, 0x000001c769ed1850, 0x000001c769ecea60,
0x000001c769ece3d0, 0x000001c769ed2570, 0x000001c769ed2c00, 0x000001c769ecf780,
0x000001c769ed11c0, 0x000001c769ed3290, 0x000001c769ed3920, 0x000001c769ed04a0,
0x000001c769ed3fb0, 0x000001c76970a0d0, 0x000001c76a456190
}

Java Threads: ( => current thread )
  0x000001c70258a880 JavaThread "main"                              [_thread_blocked, id=34600, stack(0x000000bdca200000,0x000000bdca300000) (1024K)]
  0x000001c704a65400 JavaThread "Reference Handler"          daemon [_thread_blocked, id=32664, stack(0x000000bdca600000,0x000000bdca700000) (1024K)]
  0x000001c704a65f50 JavaThread "Finalizer"                  daemon [_thread_blocked, id=32116, stack(0x000000bdca700000,0x000000bdca800000) (1024K)]
  0x000001c704a73360 JavaThread "Signal Dispatcher"          daemon [_thread_blocked, id=9568, stack(0x000000bdca800000,0x000000bdca900000) (1024K)]
  0x000001c704a73db0 JavaThread "Attach Listener"            daemon [_thread_blocked, id=34580, stack(0x000000bdca900000,0x000000bdcaa00000) (1024K)]
  0x000001c704a74800 JavaThread "Service Thread"             daemon [_thread_blocked, id=11872, stack(0x000000bdcaa00000,0x000000bdcab00000) (1024K)]
  0x000001c704a75250 JavaThread "Monitor Deflation Thread"   daemon [_thread_blocked, id=27868, stack(0x000000bdcab00000,0x000000bdcac00000) (1024K)]
=>0x000001c704a76080 JavaThread "C2 CompilerThread0"         daemon [_thread_in_native, id=20036, stack(0x000000bdcac00000,0x000000bdcad00000) (1024K)]
  0x000001c704a7d720 JavaThread "C1 CompilerThread0"         daemon [_thread_blocked, id=33928, stack(0x000000bdcad00000,0x000000bdcae00000) (1024K)]
  0x000001c7628b6810 JavaThread "Common-Cleaner"             daemon [_thread_blocked, id=11324, stack(0x000000bdcae00000,0x000000bdcaf00000) (1024K)]
  0x000001c762acd620 JavaThread "Notification Thread"        daemon [_thread_blocked, id=27336, stack(0x000000bdcaf00000,0x000000bdcb000000) (1024K)]
  0x000001c76376d100 JavaThread "Active Thread: Equinox Container: 8378b53f-8a4a-497e-a350-6dd78eef50fd"        [_thread_blocked, id=9328, stack(0x000000bdcb000000,0x000000bdcb100000) (1024K)]
  0x000001c76812f370 JavaThread "Refresh Thread: Equinox Container: 8378b53f-8a4a-497e-a350-6dd78eef50fd" daemon [_thread_blocked, id=8508, stack(0x000000bdcb700000,0x000000bdcb800000) (1024K)]
  0x000001c7680e9cf0 JavaThread "Framework Event Dispatcher: Equinox Container: 8378b53f-8a4a-497e-a350-6dd78eef50fd" daemon [_thread_blocked, id=28648, stack(0x000000bdcb900000,0x000000bdcba00000) (1024K)]
  0x000001c7680f2480 JavaThread "Start Level: Equinox Container: 8378b53f-8a4a-497e-a350-6dd78eef50fd" daemon [_thread_blocked, id=8144, stack(0x000000bdcba00000,0x000000bdcbb00000) (1024K)]
  0x000001c768558650 JavaThread "Bundle File Closer"         daemon [_thread_blocked, id=25032, stack(0x000000bdcbd00000,0x000000bdcbe00000) (1024K)]
  0x000001c768306960 JavaThread "SCR Component Actor"        daemon [_thread_blocked, id=8304, stack(0x000000bdcbe00000,0x000000bdcbf00000) (1024K)]
  0x000001c762aa9320 JavaThread "Worker-JM"                         [_thread_blocked, id=17896, stack(0x000000bdcc000000,0x000000bdcc100000) (1024K)]
  0x000001c762aa7250 JavaThread "JNA Cleaner"                daemon [_thread_blocked, id=25668, stack(0x000000bdcc100000,0x000000bdcc200000) (1024K)]
  0x000001c762aa78e0 JavaThread "Worker-0"                          [_thread_blocked, id=18280, stack(0x000000bdcc300000,0x000000bdcc400000) (1024K)]
  0x000001c762aa5ea0 JavaThread "Worker-1: Initialize workspace"        [_thread_blocked, id=21860, stack(0x000000bdcc400000,0x000000bdcc500000) (1024K)]
  0x000001c762aa6530 JavaThread "Worker-2"                          [_thread_blocked, id=26632, stack(0x000000bdcc500000,0x000000bdcc600000) (1024K)]
  0x000001c762aa6bc0 JavaThread "Java indexing"              daemon [_thread_in_native, id=29892, stack(0x000000bdcc600000,0x000000bdcc700000) (1024K)]
  0x000001c76ab5dd50 JavaThread "Worker-3"                          [_thread_blocked, id=22712, stack(0x000000bdcc700000,0x000000bdcc800000) (1024K)]
  0x000001c76ab5b5f0 JavaThread "Worker-4"                          [_thread_blocked, id=16992, stack(0x000000bdcc800000,0x000000bdcc900000) (1024K)]
  0x000001c76ab5c9a0 JavaThread "Worker-5: Java indexing... "        [_thread_blocked, id=33396, stack(0x000000bdccb00000,0x000000bdccc00000) (1024K)]
  0x000001c76ab5d6c0 JavaThread "Worker-6"                          [_thread_blocked, id=34480, stack(0x000000bdccc00000,0x000000bdccd00000) (1024K)]
  0x000001c76ab5d030 JavaThread "Thread-2"                   daemon [_thread_in_native, id=34484, stack(0x000000bdccd00000,0x000000bdcce00000) (1024K)]
  0x000001c76ab5a8d0 JavaThread "Thread-3"                   daemon [_thread_in_native, id=30672, stack(0x000000bdcce00000,0x000000bdccf00000) (1024K)]
  0x000001c76ab5e3e0 JavaThread "Thread-4"                   daemon [_thread_in_native, id=16560, stack(0x000000bdccf00000,0x000000bdcd000000) (1024K)]
  0x000001c76ab5af60 JavaThread "Thread-5"                   daemon [_thread_in_native, id=14992, stack(0x000000bdcd000000,0x000000bdcd100000) (1024K)]
  0x000001c76ab5ea70 JavaThread "Thread-6"                   daemon [_thread_in_native, id=26708, stack(0x000000bdcd100000,0x000000bdcd200000) (1024K)]
  0x000001c76ab5f100 JavaThread "Thread-7"                   daemon [_thread_in_native, id=31280, stack(0x000000bdcd200000,0x000000bdcd300000) (1024K)]
  0x000001c76ab5bc80 JavaThread "Thread-8"                   daemon [_thread_in_native, id=11564, stack(0x000000bdcd300000,0x000000bdcd400000) (1024K)]
  0x000001c76ab5f790 JavaThread "Thread-9"                   daemon [_thread_in_native, id=31248, stack(0x000000bdcd400000,0x000000bdcd500000) (1024K)]
  0x000001c76ab5c310 JavaThread "Thread-10"                  daemon [_thread_in_native, id=5036, stack(0x000000bdcd500000,0x000000bdcd600000) (1024K)]
  0x000001c76ab61860 JavaThread "Thread-11"                  daemon [_thread_in_native, id=33108, stack(0x000000bdcd600000,0x000000bdcd700000) (1024K)]
  0x000001c76ab5fe20 JavaThread "Thread-12"                  daemon [_thread_in_native, id=3748, stack(0x000000bdcd700000,0x000000bdcd800000) (1024K)]
  0x000001c76ab611d0 JavaThread "Thread-13"                  daemon [_thread_in_native, id=34772, stack(0x000000bdcd800000,0x000000bdcd900000) (1024K)]
  0x000001c76ab604b0 JavaThread "Thread-14"                  daemon [_thread_in_native, id=23508, stack(0x000000bdcd900000,0x000000bdcda00000) (1024K)]
  0x000001c76ab61ef0 JavaThread "pool-2-thread-1"                   [_thread_blocked, id=13872, stack(0x000000bdcda00000,0x000000bdcdb00000) (1024K)]
  0x000001c76ab60b40 JavaThread "WorkspaceEventsHandler"            [_thread_blocked, id=33664, stack(0x000000bdcdb00000,0x000000bdcdc00000) (1024K)]
  0x000001c768724df0 JavaThread "pool-1-thread-1"                   [_thread_blocked, id=25180, stack(0x000000bdcdc00000,0x000000bdcdd00000) (1024K)]
  0x000001c7687261a0 JavaThread "Worker-7"                          [_thread_blocked, id=3528, stack(0x000000bdcbf00000,0x000000bdcc000000) (1024K)]
  0x000001c769a5f060 JavaThread "LocalFile Deleter"          daemon [_thread_blocked, id=27284, stack(0x000000bdcdd00000,0x000000bdcde00000) (1024K)]
  0x000001c769a61130 JavaThread "LocalFile Deleter"          daemon [_thread_blocked, id=25984, stack(0x000000bdcde00000,0x000000bdcdf00000) (1024K)]
  0x000001c769a5fd80 JavaThread "LocalFile Deleter"          daemon [_thread_blocked, id=26812, stack(0x000000bdcdf00000,0x000000bdce000000) (1024K)]
  0x000001c769a60aa0 JavaThread "LocalFile Deleter"          daemon [_thread_blocked, id=23000, stack(0x000000bdce000000,0x000000bdce100000) (1024K)]
  0x000001c769a5dcb0 JavaThread "LocalFile Deleter"          daemon [_thread_blocked, id=31124, stack(0x000000bdce100000,0x000000bdce200000) (1024K)]
  0x000001c769a5f6f0 JavaThread "LocalFile Deleter"          daemon [_thread_blocked, id=26784, stack(0x000000bdce200000,0x000000bdce300000) (1024K)]
  0x000001c769a5e340 JavaThread "LocalFile Deleter"          daemon [_thread_blocked, id=5816, stack(0x000000bdce300000,0x000000bdce400000) (1024K)]
  0x000001c769a60410 JavaThread "LocalFile Deleter"          daemon [_thread_blocked, id=18968, stack(0x000000bdce400000,0x000000bdce500000) (1024K)]
  0x000001c769a61e50 JavaThread "LocalFile Deleter"          daemon [_thread_blocked, id=34784, stack(0x000000bdce500000,0x000000bdce600000) (1024K)]
  0x000001c769a617c0 JavaThread "LocalFile Deleter"          daemon [_thread_blocked, id=22208, stack(0x000000bdce600000,0x000000bdce700000) (1024K)]
  0x000001c769a5e9d0 JavaThread "LocalFile Deleter"          daemon [_thread_blocked, id=25196, stack(0x000000bdce700000,0x000000bdce800000) (1024K)]
  0x000001c769a63890 JavaThread "LocalFile Deleter"          daemon [_thread_blocked, id=33072, stack(0x000000bdce800000,0x000000bdce900000) (1024K)]
  0x000001c769a652d0 JavaThread "Compiler Source File Reader" daemon [_thread_blocked, id=21028, stack(0x000000bdce900000,0x000000bdcea00000) (1024K)]
  0x000001c769a624e0 JavaThread "Compiler Source File Reader" daemon [_thread_blocked, id=23216, stack(0x000000bdcea00000,0x000000bdceb00000) (1024K)]
  0x000001c769a64c40 JavaThread "Compiler Source File Reader" daemon [_thread_blocked, id=24048, stack(0x000000bdceb00000,0x000000bdcec00000) (1024K)]
  0x000001c769a62b70 JavaThread "Compiler Source File Reader" daemon [_thread_blocked, id=25732, stack(0x000000bdcec00000,0x000000bdced00000) (1024K)]
  0x000001c769a645b0 JavaThread "Compiler Source File Reader" daemon [_thread_blocked, id=31048, stack(0x000000bdced00000,0x000000bdcee00000) (1024K)]
  0x000001c769a63f20 JavaThread "Compiler Source File Reader" daemon [_thread_blocked, id=24940, stack(0x000000bdcee00000,0x000000bdcef00000) (1024K)]
  0x000001c769a63200 JavaThread "Compiler Source File Reader" daemon [_thread_blocked, id=30288, stack(0x000000bdcef00000,0x000000bdcf000000) (1024K)]
  0x000001c769ecf0f0 JavaThread "Compiler Source File Reader" daemon [_thread_blocked, id=21180, stack(0x000000bdcf000000,0x000000bdcf100000) (1024K)]
  0x000001c769ecdd40 JavaThread "Compiler Source File Reader" daemon [_thread_blocked, id=33604, stack(0x000000bdcf100000,0x000000bdcf200000) (1024K)]
  0x000001c769ecd6b0 JavaThread "Compiler Source File Reader" daemon [_thread_blocked, id=21616, stack(0x000000bdcf200000,0x000000bdcf300000) (1024K)]
  0x000001c769ed1850 JavaThread "Compiler Processing Task"   daemon [_thread_blocked, id=34412, stack(0x000000bdcf300000,0x000000bdcf400000) (1024K)]
  0x000001c769ecea60 JavaThread "Compiler Class File Writer" daemon [_thread_blocked, id=27184, stack(0x000000bdcf400000,0x000000bdcf500000) (1024K)]
  0x000001c769ece3d0 JavaThread "Compiler Class File Writer" daemon [_thread_blocked, id=22784, stack(0x000000bdcf500000,0x000000bdcf600000) (1024K)]
  0x000001c769ed2570 JavaThread "Compiler Class File Writer" daemon [_thread_blocked, id=1588, stack(0x000000bdcf600000,0x000000bdcf700000) (1024K)]
  0x000001c769ed2c00 JavaThread "Compiler Class File Writer" daemon [_thread_blocked, id=33632, stack(0x000000bdcf700000,0x000000bdcf800000) (1024K)]
  0x000001c769ecf780 JavaThread "Compiler Class File Writer" daemon [_thread_blocked, id=7836, stack(0x000000bdcf800000,0x000000bdcf900000) (1024K)]
  0x000001c769ed11c0 JavaThread "Compiler Class File Writer" daemon [_thread_blocked, id=21784, stack(0x000000bdcf900000,0x000000bdcfa00000) (1024K)]
  0x000001c769ed3290 JavaThread "Compiler Class File Writer" daemon [_thread_blocked, id=24084, stack(0x000000bdcfa00000,0x000000bdcfb00000) (1024K)]
  0x000001c769ed3920 JavaThread "Compiler Class File Writer" daemon [_thread_blocked, id=17692, stack(0x000000bdcfb00000,0x000000bdcfc00000) (1024K)]
  0x000001c769ed04a0 JavaThread "Compiler Class File Writer" daemon [_thread_blocked, id=21600, stack(0x000000bdcfc00000,0x000000bdcfd00000) (1024K)]
  0x000001c769ed3fb0 JavaThread "Compiler Class File Writer" daemon [_thread_blocked, id=25024, stack(0x000000bdcfd00000,0x000000bdcfe00000) (1024K)]
  0x000001c76970a0d0 JavaThread "C2 CompilerThread1"         daemon [_thread_blocked, id=29996, stack(0x000000bdcc200000,0x000000bdcc300000) (1024K)]
  0x000001c76a456190 JavaThread "ForkJoinPool.commonPool-worker-1" daemon [_thread_blocked, id=11724, stack(0x000000bdcff00000,0x000000bdd0000000) (1024K)]
Total: 79

Other Threads:
  0x000001c704a60b30 VMThread "VM Thread"                           [id=32844, stack(0x000000bdca500000,0x000000bdca600000) (1024K)]
  0x000001c70484ca00 WatcherThread "VM Periodic Task Thread"        [id=6860, stack(0x000000bdca400000,0x000000bdca500000) (1024K)]
  0x000001c7049dd500 WorkerThread "GC Thread#0"                     [id=20520, stack(0x000000bdca300000,0x000000bdca400000) (1024K)]
  0x000001c76802c6c0 WorkerThread "GC Thread#1"                     [id=32328, stack(0x000000bdcb100000,0x000000bdcb200000) (1024K)]
  0x000001c76802ca60 WorkerThread "GC Thread#2"                     [id=34544, stack(0x000000bdcb200000,0x000000bdcb300000) (1024K)]
  0x000001c76802ce00 WorkerThread "GC Thread#3"                     [id=34536, stack(0x000000bdcb300000,0x000000bdcb400000) (1024K)]
  0x000001c76802d1a0 WorkerThread "GC Thread#4"                     [id=28008, stack(0x000000bdcb400000,0x000000bdcb500000) (1024K)]
  0x000001c763bdbc40 WorkerThread "GC Thread#5"                     [id=23468, stack(0x000000bdcb500000,0x000000bdcb600000) (1024K)]
  0x000001c763bdbfe0 WorkerThread "GC Thread#6"                     [id=22396, stack(0x000000bdcb600000,0x000000bdcb700000) (1024K)]
  0x000001c768113030 WorkerThread "GC Thread#7"                     [id=6376, stack(0x000000bdcb800000,0x000000bdcb900000) (1024K)]
  0x000001c76848dc90 WorkerThread "GC Thread#8"                     [id=23108, stack(0x000000bdcbb00000,0x000000bdcbc00000) (1024K)]
  0x000001c76858b940 WorkerThread "GC Thread#9"                     [id=8544, stack(0x000000bdcbc00000,0x000000bdcbd00000) (1024K)]
Total: 12

Threads with active compile tasks:
C2 CompilerThread0  60408 14787   !   4       lombok.core.AST::buildWithField0 (121 bytes)
C2 CompilerThread1  60408 15669       4       org.eclipse.jdt.internal.core.JavaModelCache::getInfo (156 bytes)
Total: 2

VM state: not at safepoint (normal execution)

VM Mutex/Monitor currently owned by a thread: None

Heap address: 0x0000000080000000, size: 2048 MB, Compressed Oops mode: 32-bit

CDS archive(s) mapped at: [0x000001c71c000000-0x000001c71cba0000-0x000001c721c90000), size 97058816, SharedBaseAddress: 0x000001c71c000000, ArchiveRelocationMode: 1.
Compressed class space mapped at: 0x000001c722000000-0x000001c762000000, reserved size: 1073741824
Narrow klass base: 0x000001c71c000000, Narrow klass shift: 0, Narrow klass range: 0x100000000

GC Precious Log:
 CardTable entry size: 512
 CPUs: 12 total, 12 available
 Memory: 7597M
 Large Page Support: Disabled
 NUMA Support: Disabled
 Compressed Oops: Enabled (32-bit)
 Alignments: Space 512K, Generation 512K, Heap 2M
 Heap Min Capacity: 100M
 Heap Initial Capacity: 100M
 Heap Max Capacity: 2G
 Pre-touch: Disabled
 Parallel Workers: 10

Heap:
 PSYoungGen      total 4096K, used 1028K [0x00000000d5580000, 0x00000000d5a80000, 0x0000000100000000)
  eden space 3072K, 9% used [0x00000000d5580000,0x00000000d55cc438,0x00000000d5880000)
  from space 1024K, 70% used [0x00000000d5980000,0x00000000d5a34d78,0x00000000d5a80000)
  to   space 1024K, 0% used [0x00000000d5880000,0x00000000d5880000,0x00000000d5980000)
 ParOldGen       total 606720K, used 606490K [0x0000000080000000, 0x00000000a5080000, 0x00000000d5580000)
  object space 606720K, 99% used [0x0000000080000000,0x00000000a5046ab0,0x00000000a5080000)
 Metaspace       used 27011K, committed 28160K, reserved 1114112K
  class space    used 2193K, committed 2688K, reserved 1048576K

Card table byte_map: [0x000001c704360000,0x000001c704770000] _byte_map_base: 0x000001c703f60000

Marking Bits: (ParMarkBitMap*) 0x00007fff0168a340
 Begin Bits: [0x000001c716e60000, 0x000001c718e60000)
 End Bits:   [0x000001c718e60000, 0x000001c71ae60000)

Polling page: 0x000001c7027b0000

Metaspace:

Usage:
  Non-class:     24.24 MB used.
      Class:      2.14 MB used.
       Both:     26.38 MB used.

Virtual space:
  Non-class space:       64.00 MB reserved,      24.88 MB ( 39%) committed,  1 nodes.
      Class space:        1.00 GB reserved,       2.62 MB ( <1%) committed,  1 nodes.
             Both:        1.06 GB reserved,      27.50 MB (  3%) committed. 

Chunk freelists:
   Non-Class:  6.81 MB
       Class:  13.34 MB
        Both:  20.16 MB

MaxMetaspaceSize: unlimited
CompressedClassSpaceSize: 1.00 GB
Initial GC threshold: 21.00 MB
Current GC threshold: 35.00 MB
CDS: on
 - commit_granule_bytes: 65536.
 - commit_granule_words: 8192.
 - virtual_space_node_default_size: 8388608.
 - enlarge_chunks_in_place: 1.
 - use_allocation_guard: 0.


Internal statistics:

num_allocs_failed_limit: 3.
num_arena_births: 962.
num_arena_deaths: 0.
num_vsnodes_births: 2.
num_vsnodes_deaths: 0.
num_space_committed: 440.
num_space_uncommitted: 0.
num_chunks_returned_to_freelist: 3.
num_chunks_taken_from_freelist: 2420.
num_chunk_merges: 3.
num_chunk_splits: 1433.
num_chunks_enlarged: 739.
num_inconsistent_stats: 0.

CodeHeap 'non-profiled nmethods': size=120000Kb used=10550Kb max_used=10550Kb free=109449Kb
 bounds [0x000001c70f680000, 0x000001c7100d0000, 0x000001c716bb0000]
CodeHeap 'profiled nmethods': size=120000Kb used=36091Kb max_used=36091Kb free=83908Kb
 bounds [0x000001c707bb0000, 0x000001c709ef0000, 0x000001c70f0e0000]
CodeHeap 'non-nmethods': size=5760Kb used=1482Kb max_used=1618Kb free=4277Kb
 bounds [0x000001c70f0e0000, 0x000001c70f350000, 0x000001c70f680000]
CodeCache: size=245760Kb, used=48123Kb, max_used=48259Kb, free=197634Kb
 total_blobs=16524, nmethods=15721, adapters=708, full_count=0
Compilation: enabled, stopped_count=0, restarted_count=0

Compilation events (20 events):
Event: 58.218 Thread 0x000001c704a76080 nmethod 15234 0x000001c71009ee90 code [0x000001c71009f020, 0x000001c71009f1b0]
Event: 58.218 Thread 0x000001c704a76080 15335   !   4       org.eclipse.jdt.internal.core.NameLookup::getModuleDescription (232 bytes)
Event: 58.291 Thread 0x000001c704a7d720 15780       2       org.eclipse.jdt.internal.compiler.classfmt.MethodInfo::decodeTypeAnnotations (88 bytes)
Event: 58.291 Thread 0x000001c704a7d720 nmethod 15780 0x000001c709eebd10 code [0x000001c709eebee0, 0x000001c709eec348]
Event: 58.297 Thread 0x000001c704a7d720 15781       3       org.eclipse.jdt.internal.compiler.classfmt.TypeAnnotationInfo::<init> (445 bytes)
Event: 58.302 Thread 0x000001c704a7d720 nmethod 15781 0x000001c709eec590 code [0x000001c709eec840, 0x000001c709eedd70]
Event: 58.342 Thread 0x000001c704a7d720 15782       2       org.eclipse.jdt.internal.compiler.classfmt.FieldInfo::decodeTypeAnnotations (88 bytes)
Event: 58.347 Thread 0x000001c704a7d720 nmethod 15782 0x000001c709eee510 code [0x000001c709eee6e0, 0x000001c709eeeb60]
Event: 58.561 Thread 0x000001c76970a0d0 nmethod 15571 0x000001c71009f310 code [0x000001c71009fd00, 0x000001c7100a7ba8]
Event: 58.562 Thread 0x000001c76970a0d0 15198       4       java.lang.invoke.LambdaForm$MH/0x000001c722238400::invoke (42 bytes)
Event: 58.564 Thread 0x000001c76970a0d0 nmethod 15198 0x000001c7100adc90 code [0x000001c7100ade20, 0x000001c7100adee0]
Event: 58.564 Thread 0x000001c76970a0d0 15199       4       java.lang.invoke.LambdaForm$MH/0x000001c722238800::invoke (55 bytes)
Event: 58.570 Thread 0x000001c76970a0d0 nmethod 15199 0x000001c7100ae090 code [0x000001c7100ae220, 0x000001c7100ae340]
Event: 58.570 Thread 0x000001c76970a0d0 15136       4       java.util.regex.Pattern$Caret::match (124 bytes)
Event: 58.574 Thread 0x000001c76970a0d0 nmethod 15136 0x000001c7100ae510 code [0x000001c7100ae700, 0x000001c7100aeb78]
Event: 58.575 Thread 0x000001c76970a0d0 15642  s    4       org.eclipse.jdt.internal.core.JavaModelManager::getInfo (39 bytes)
Event: 58.679 Thread 0x000001c76970a0d0 nmethod 15642 0x000001c7100af010 code [0x000001c7100af460, 0x000001c7100b2218]
Event: 58.679 Thread 0x000001c76970a0d0 14786       4       lombok.core.AST::buildWithField (21 bytes)
Event: 58.817 Thread 0x000001c704a76080 nmethod 15335 0x000001c7100b3490 code [0x000001c7100b3d80, 0x000001c7100b9a08]
Event: 58.818 Thread 0x000001c704a76080 14787   !   4       lombok.core.AST::buildWithField0 (121 bytes)

GC Heap History (20 events):
Event: 59.164 GC heap before
{Heap before GC invocations=874 (full 1):
 PSYoungGen      total 3584K, used 3520K [0x00000000d5580000, 0x00000000d5a00000, 0x0000000100000000)
  eden space 3072K, 100% used [0x00000000d5580000,0x00000000d5880000,0x00000000d5880000)
  from space 512K, 87% used [0x00000000d5980000,0x00000000d59f0000,0x00000000d5a00000)
  to   space 512K, 0% used [0x00000000d5900000,0x00000000d5900000,0x00000000d5980000)
 ParOldGen       total 599552K, used 599295K [0x0000000080000000, 0x00000000a4980000, 0x00000000d5580000)
  object space 599552K, 99% used [0x0000000080000000,0x00000000a493fc78,0x00000000a4980000)
 Metaspace       used 27011K, committed 28160K, reserved 1114112K
  class space    used 2193K, committed 2688K, reserved 1048576K
}
Event: 59.167 GC heap after
{Heap after GC invocations=874 (full 1):
 PSYoungGen      total 3584K, used 502K [0x00000000d5580000, 0x00000000d5b80000, 0x0000000100000000)
  eden space 3072K, 0% used [0x00000000d5580000,0x00000000d5580000,0x00000000d5880000)
  from space 512K, 98% used [0x00000000d5900000,0x00000000d597d808,0x00000000d5980000)
  to   space 1536K, 0% used [0x00000000d5a00000,0x00000000d5a00000,0x00000000d5b80000)
 ParOldGen       total 600064K, used 599781K [0x0000000080000000, 0x00000000a4a00000, 0x00000000d5580000)
  object space 600064K, 99% used [0x0000000080000000,0x00000000a49b9480,0x00000000a4a00000)
 Metaspace       used 27011K, committed 28160K, reserved 1114112K
  class space    used 2193K, committed 2688K, reserved 1048576K
}
Event: 59.179 GC heap before
{Heap before GC invocations=875 (full 1):
 PSYoungGen      total 3584K, used 3574K [0x00000000d5580000, 0x00000000d5b80000, 0x0000000100000000)
  eden space 3072K, 100% used [0x00000000d5580000,0x00000000d5880000,0x00000000d5880000)
  from space 512K, 98% used [0x00000000d5900000,0x00000000d597d808,0x00000000d5980000)
  to   space 1536K, 0% used [0x00000000d5a00000,0x00000000d5a00000,0x00000000d5b80000)
 ParOldGen       total 600064K, used 599781K [0x0000000080000000, 0x00000000a4a00000, 0x00000000d5580000)
  object space 600064K, 99% used [0x0000000080000000,0x00000000a49b9480,0x00000000a4a00000)
 Metaspace       used 27011K, committed 28160K, reserved 1114112K
  class space    used 2193K, committed 2688K, reserved 1048576K
}
Event: 59.182 GC heap after
{Heap after GC invocations=875 (full 1):
 PSYoungGen      total 4608K, used 1072K [0x00000000d5580000, 0x00000000d5b80000, 0x0000000100000000)
  eden space 3072K, 0% used [0x00000000d5580000,0x00000000d5580000,0x00000000d5880000)
  from space 1536K, 69% used [0x00000000d5a00000,0x00000000d5b0c138,0x00000000d5b80000)
  to   space 1536K, 0% used [0x00000000d5880000,0x00000000d5880000,0x00000000d5a00000)
 ParOldGen       total 600576K, used 600227K [0x0000000080000000, 0x00000000a4a80000, 0x00000000d5580000)
  object space 600576K, 99% used [0x0000000080000000,0x00000000a4a28c88,0x00000000a4a80000)
 Metaspace       used 27011K, committed 28160K, reserved 1114112K
  class space    used 2193K, committed 2688K, reserved 1048576K
}
Event: 59.197 GC heap before
{Heap before GC invocations=876 (full 1):
 PSYoungGen      total 4608K, used 4144K [0x00000000d5580000, 0x00000000d5b80000, 0x0000000100000000)
  eden space 3072K, 100% used [0x00000000d5580000,0x00000000d5880000,0x00000000d5880000)
  from space 1536K, 69% used [0x00000000d5a00000,0x00000000d5b0c138,0x00000000d5b80000)
  to   space 1536K, 0% used [0x00000000d5880000,0x00000000d5880000,0x00000000d5a00000)
 ParOldGen       total 600576K, used 600227K [0x0000000080000000, 0x00000000a4a80000, 0x00000000d5580000)
  object space 600576K, 99% used [0x0000000080000000,0x00000000a4a28c88,0x00000000a4a80000)
 Metaspace       used 27011K, committed 28160K, reserved 1114112K
  class space    used 2193K, committed 2688K, reserved 1048576K
}
Event: 59.200 GC heap after
{Heap after GC invocations=876 (full 1):
 PSYoungGen      total 4096K, used 640K [0x00000000d5580000, 0x00000000d5a80000, 0x0000000100000000)
  eden space 3072K, 0% used [0x00000000d5580000,0x00000000d5580000,0x00000000d5880000)
  from space 1024K, 62% used [0x00000000d5880000,0x00000000d5920000,0x00000000d5980000)
  to   space 1024K, 0% used [0x00000000d5980000,0x00000000d5980000,0x00000000d5a80000)
 ParOldGen       total 601088K, used 600955K [0x0000000080000000, 0x00000000a4b00000, 0x00000000d5580000)
  object space 601088K, 99% used [0x0000000080000000,0x00000000a4adec88,0x00000000a4b00000)
 Metaspace       used 27011K, committed 28160K, reserved 1114112K
  class space    used 2193K, committed 2688K, reserved 1048576K
}
Event: 59.212 GC heap before
{Heap before GC invocations=877 (full 1):
 PSYoungGen      total 4096K, used 3712K [0x00000000d5580000, 0x00000000d5a80000, 0x0000000100000000)
  eden space 3072K, 100% used [0x00000000d5580000,0x00000000d5880000,0x00000000d5880000)
  from space 1024K, 62% used [0x00000000d5880000,0x00000000d5920000,0x00000000d5980000)
  to   space 1024K, 0% used [0x00000000d5980000,0x00000000d5980000,0x00000000d5a80000)
 ParOldGen       total 601088K, used 600955K [0x0000000080000000, 0x00000000a4b00000, 0x00000000d5580000)
  object space 601088K, 99% used [0x0000000080000000,0x00000000a4adec88,0x00000000a4b00000)
 Metaspace       used 27011K, committed 28160K, reserved 1114112K
  class space    used 2193K, committed 2688K, reserved 1048576K
}
Event: 59.215 GC heap after
{Heap after GC invocations=877 (full 1):
 PSYoungGen      total 4096K, used 731K [0x00000000d5580000, 0x00000000d5a80000, 0x0000000100000000)
  eden space 3072K, 0% used [0x00000000d5580000,0x00000000d5580000,0x00000000d5880000)
  from space 1024K, 71% used [0x00000000d5980000,0x00000000d5a36c78,0x00000000d5a80000)
  to   space 1024K, 0% used [0x00000000d5880000,0x00000000d5880000,0x00000000d5980000)
 ParOldGen       total 601600K, used 601499K [0x0000000080000000, 0x00000000a4b80000, 0x00000000d5580000)
  object space 601600K, 99% used [0x0000000080000000,0x00000000a4b66c88,0x00000000a4b80000)
 Metaspace       used 27011K, committed 28160K, reserved 1114112K
  class space    used 2193K, committed 2688K, reserved 1048576K
}
Event: 59.232 GC heap before
{Heap before GC invocations=878 (full 1):
 PSYoungGen      total 4096K, used 3803K [0x00000000d5580000, 0x00000000d5a80000, 0x0000000100000000)
  eden space 3072K, 100% used [0x00000000d5580000,0x00000000d5880000,0x00000000d5880000)
  from space 1024K, 71% used [0x00000000d5980000,0x00000000d5a36c78,0x00000000d5a80000)
  to   space 1024K, 0% used [0x00000000d5880000,0x00000000d5880000,0x00000000d5980000)
 ParOldGen       total 601600K, used 601499K [0x0000000080000000, 0x00000000a4b80000, 0x00000000d5580000)
  object space 601600K, 99% used [0x0000000080000000,0x00000000a4b66c88,0x00000000a4b80000)
 Metaspace       used 27011K, committed 28160K, reserved 1114112K
  class space    used 2193K, committed 2688K, reserved 1048576K
}
Event: 59.236 GC heap after
{Heap after GC invocations=878 (full 1):
 PSYoungGen      total 4096K, used 736K [0x00000000d5580000, 0x00000000d5a80000, 0x0000000100000000)
  eden space 3072K, 0% used [0x00000000d5580000,0x00000000d5580000,0x00000000d5880000)
  from space 1024K, 71% used [0x00000000d5880000,0x00000000d59380e0,0x00000000d5980000)
  to   space 1024K, 0% used [0x00000000d5980000,0x00000000d5980000,0x00000000d5a80000)
 ParOldGen       total 602112K, used 602067K [0x0000000080000000, 0x00000000a4c00000, 0x00000000d5580000)
  object space 602112K, 99% used [0x0000000080000000,0x00000000a4bf4c88,0x00000000a4c00000)
 Metaspace       used 27011K, committed 28160K, reserved 1114112K
  class space    used 2193K, committed 2688K, reserved 1048576K
}
Event: 59.257 GC heap before
{Heap before GC invocations=879 (full 1):
 PSYoungGen      total 4096K, used 3808K [0x00000000d5580000, 0x00000000d5a80000, 0x0000000100000000)
  eden space 3072K, 100% used [0x00000000d5580000,0x00000000d5880000,0x00000000d5880000)
  from space 1024K, 71% used [0x00000000d5880000,0x00000000d59380e0,0x00000000d5980000)
  to   space 1024K, 0% used [0x00000000d5980000,0x00000000d5980000,0x00000000d5a80000)
 ParOldGen       total 602112K, used 602067K [0x0000000080000000, 0x00000000a4c00000, 0x00000000d5580000)
  object space 602112K, 99% used [0x0000000080000000,0x00000000a4bf4c88,0x00000000a4c00000)
 Metaspace       used 27011K, committed 28160K, reserved 1114112K
  class space    used 2193K, committed 2688K, reserved 1048576K
}
Event: 59.262 GC heap after
{Heap after GC invocations=879 (full 1):
 PSYoungGen      total 4096K, used 769K [0x00000000d5580000, 0x00000000d5a80000, 0x0000000100000000)
  eden space 3072K, 0% used [0x00000000d5580000,0x00000000d5580000,0x00000000d5880000)
  from space 1024K, 75% used [0x00000000d5980000,0x00000000d5a404f0,0x00000000d5a80000)
  to   space 1024K, 0% used [0x00000000d5880000,0x00000000d5880000,0x00000000d5980000)
 ParOldGen       total 602624K, used 602451K [0x0000000080000000, 0x00000000a4c80000, 0x00000000d5580000)
  object space 602624K, 99% used [0x0000000080000000,0x00000000a4c54c88,0x00000000a4c80000)
 Metaspace       used 27011K, committed 28160K, reserved 1114112K
  class space    used 2193K, committed 2688K, reserved 1048576K
}
Event: 59.278 GC heap before
{Heap before GC invocations=880 (full 1):
 PSYoungGen      total 4096K, used 3841K [0x00000000d5580000, 0x00000000d5a80000, 0x0000000100000000)
  eden space 3072K, 100% used [0x00000000d5580000,0x00000000d5880000,0x00000000d5880000)
  from space 1024K, 75% used [0x00000000d5980000,0x00000000d5a404f0,0x00000000d5a80000)
  to   space 1024K, 0% used [0x00000000d5880000,0x00000000d5880000,0x00000000d5980000)
 ParOldGen       total 602624K, used 602451K [0x0000000080000000, 0x00000000a4c80000, 0x00000000d5580000)
  object space 602624K, 99% used [0x0000000080000000,0x00000000a4c54c88,0x00000000a4c80000)
 Metaspace       used 27011K, committed 28160K, reserved 1114112K
  class space    used 2193K, committed 2688K, reserved 1048576K
}
Event: 59.281 GC heap after
{Heap after GC invocations=880 (full 1):
 PSYoungGen      total 4096K, used 576K [0x00000000d5580000, 0x00000000d5a80000, 0x0000000100000000)
  eden space 3072K, 0% used [0x00000000d5580000,0x00000000d5580000,0x00000000d5880000)
  from space 1024K, 56% used [0x00000000d5880000,0x00000000d5910000,0x00000000d5980000)
  to   space 1024K, 0% used [0x00000000d5980000,0x00000000d5980000,0x00000000d5a80000)
 ParOldGen       total 603136K, used 603021K [0x0000000080000000, 0x00000000a4d00000, 0x00000000d5580000)
  object space 603136K, 99% used [0x0000000080000000,0x00000000a4ce34a0,0x00000000a4d00000)
 Metaspace       used 27011K, committed 28160K, reserved 1114112K
  class space    used 2193K, committed 2688K, reserved 1048576K
}
Event: 59.299 GC heap before
{Heap before GC invocations=881 (full 1):
 PSYoungGen      total 4096K, used 3645K [0x00000000d5580000, 0x00000000d5a80000, 0x0000000100000000)
  eden space 3072K, 99% used [0x00000000d5580000,0x00000000d587f550,0x00000000d5880000)
  from space 1024K, 56% used [0x00000000d5880000,0x00000000d5910000,0x00000000d5980000)
  to   space 1024K, 0% used [0x00000000d5980000,0x00000000d5980000,0x00000000d5a80000)
 ParOldGen       total 603136K, used 603021K [0x0000000080000000, 0x00000000a4d00000, 0x00000000d5580000)
  object space 603136K, 99% used [0x0000000080000000,0x00000000a4ce34a0,0x00000000a4d00000)
 Metaspace       used 27011K, committed 28160K, reserved 1114112K
  class space    used 2193K, committed 2688K, reserved 1048576K
}
Event: 59.302 GC heap after
{Heap after GC invocations=881 (full 1):
 PSYoungGen      total 4096K, used 576K [0x00000000d5580000, 0x00000000d5a80000, 0x0000000100000000)
  eden space 3072K, 0% used [0x00000000d5580000,0x00000000d5580000,0x00000000d5880000)
  from space 1024K, 56% used [0x00000000d5980000,0x00000000d5a10000,0x00000000d5a80000)
  to   space 1024K, 0% used [0x00000000d5880000,0x00000000d5880000,0x00000000d5980000)
 ParOldGen       total 603648K, used 603509K [0x0000000080000000, 0x00000000a4d80000, 0x00000000d5580000)
  object space 603648K, 99% used [0x0000000080000000,0x00000000a4d5d4a0,0x00000000a4d80000)
 Metaspace       used 27011K, committed 28160K, reserved 1114112K
  class space    used 2193K, committed 2688K, reserved 1048576K
}
Event: 59.315 GC heap before
{Heap before GC invocations=882 (full 1):
 PSYoungGen      total 4096K, used 3648K [0x00000000d5580000, 0x00000000d5a80000, 0x0000000100000000)
  eden space 3072K, 100% used [0x00000000d5580000,0x00000000d5880000,0x00000000d5880000)
  from space 1024K, 56% used [0x00000000d5980000,0x00000000d5a10000,0x00000000d5a80000)
  to   space 1024K, 0% used [0x00000000d5880000,0x00000000d5880000,0x00000000d5980000)
 ParOldGen       total 603648K, used 603509K [0x0000000080000000, 0x00000000a4d80000, 0x00000000d5580000)
  object space 603648K, 99% used [0x0000000080000000,0x00000000a4d5d4a0,0x00000000a4d80000)
 Metaspace       used 27011K, committed 28160K, reserved 1114112K
  class space    used 2193K, committed 2688K, reserved 1048576K
}
Event: 59.317 GC heap after
{Heap after GC invocations=882 (full 1):
 PSYoungGen      total 4096K, used 717K [0x00000000d5580000, 0x00000000d5a80000, 0x0000000100000000)
  eden space 3072K, 0% used [0x00000000d5580000,0x00000000d5580000,0x00000000d5880000)
  from space 1024K, 70% used [0x00000000d5880000,0x00000000d5933550,0x00000000d5980000)
  to   space 1024K, 0% used [0x00000000d5980000,0x00000000d5980000,0x00000000d5a80000)
 ParOldGen       total 604160K, used 603917K [0x0000000080000000, 0x00000000a4e00000, 0x00000000d5580000)
  object space 604160K, 99% used [0x0000000080000000,0x00000000a4dc34a0,0x00000000a4e00000)
 Metaspace       used 27011K, committed 28160K, reserved 1114112K
  class space    used 2193K, committed 2688K, reserved 1048576K
}
Event: 59.329 GC heap before
{Heap before GC invocations=883 (full 1):
 PSYoungGen      total 4096K, used 3789K [0x00000000d5580000, 0x00000000d5a80000, 0x0000000100000000)
  eden space 3072K, 100% used [0x00000000d5580000,0x00000000d5880000,0x00000000d5880000)
  from space 1024K, 70% used [0x00000000d5880000,0x00000000d5933550,0x00000000d5980000)
  to   space 1024K, 0% used [0x00000000d5980000,0x00000000d5980000,0x00000000d5a80000)
 ParOldGen       total 604160K, used 603917K [0x0000000080000000, 0x00000000a4e00000, 0x00000000d5580000)
  object space 604160K, 99% used [0x0000000080000000,0x00000000a4dc34a0,0x00000000a4e00000)
 Metaspace       used 27011K, committed 28160K, reserved 1114112K
  class space    used 2193K, committed 2688K, reserved 1048576K
}
Event: 59.332 GC heap after
{Heap after GC invocations=883 (full 1):
 PSYoungGen      total 4096K, used 640K [0x00000000d5580000, 0x00000000d5a80000, 0x0000000100000000)
  eden space 3072K, 0% used [0x00000000d5580000,0x00000000d5580000,0x00000000d5880000)
  from space 1024K, 62% used [0x00000000d5980000,0x00000000d5a20000,0x00000000d5a80000)
  to   space 1024K, 0% used [0x00000000d5880000,0x00000000d5880000,0x00000000d5980000)
 ParOldGen       total 604672K, used 604317K [0x0000000080000000, 0x00000000a4e80000, 0x00000000d5580000)
  object space 604672K, 99% used [0x0000000080000000,0x00000000a4e274a0,0x00000000a4e80000)
 Metaspace       used 27011K, committed 28160K, reserved 1114112K
  class space    used 2193K, committed 2688K, reserved 1048576K
}

Dll operation events (12 events):
Event: 0.064 Loaded shared library c:\Users\ASUS\.vscode\extensions\redhat.java-1.45.2025080108-win32-x64\jre\21.0.8-win32-x86_64\bin\java.dll
Event: 0.832 Loaded shared library c:\Users\ASUS\.vscode\extensions\redhat.java-1.45.2025080108-win32-x64\jre\21.0.8-win32-x86_64\bin\zip.dll
Event: 0.842 Loaded shared library C:\Users\ASUS\.vscode\extensions\redhat.java-1.45.2025080108-win32-x64\jre\21.0.8-win32-x86_64\bin\instrument.dll
Event: 0.854 Loaded shared library C:\Users\ASUS\.vscode\extensions\redhat.java-1.45.2025080108-win32-x64\jre\21.0.8-win32-x86_64\bin\net.dll
Event: 0.860 Loaded shared library C:\Users\ASUS\.vscode\extensions\redhat.java-1.45.2025080108-win32-x64\jre\21.0.8-win32-x86_64\bin\nio.dll
Event: 0.868 Loaded shared library C:\Users\ASUS\.vscode\extensions\redhat.java-1.45.2025080108-win32-x64\jre\21.0.8-win32-x86_64\bin\zip.dll
Event: 0.926 Loaded shared library C:\Users\ASUS\.vscode\extensions\redhat.java-1.45.2025080108-win32-x64\jre\21.0.8-win32-x86_64\bin\jimage.dll
Event: 1.150 Loaded shared library c:\Users\ASUS\.vscode\extensions\redhat.java-1.45.2025080108-win32-x64\jre\21.0.8-win32-x86_64\bin\verify.dll
Event: 4.374 Loaded shared library C:\Users\ASUS\AppData\Roaming\Code\User\globalStorage\redhat.java\1.45.2025080108\config_win\org.eclipse.equinox.launcher\org.eclipse.equinox.launcher.win32.win32.x86_64_1.2.1400.v20250731-1958\eclipse_11914.dll
Event: 14.477 Loaded shared library C:\Users\ASUS\AppData\Local\Temp\jna-2018896\jna507595232156283997.dll
Event: 39.103 Loaded shared library C:\Users\ASUS\.vscode\extensions\redhat.java-1.45.2025080108-win32-x64\jre\21.0.8-win32-x86_64\bin\sunmscapi.dll
Event: 39.942 Loaded shared library C:\Users\ASUS\.vscode\extensions\redhat.java-1.45.2025080108-win32-x64\jre\21.0.8-win32-x86_64\bin\extnet.dll

Deoptimization events (20 events):
Event: 57.463 Thread 0x000001c762aa6bc0 DEOPT PACKING pc=0x000001c709bcf8f2 sp=0x000000bdcc6fea70
Event: 57.463 Thread 0x000001c762aa6bc0 DEOPT UNPACKING pc=0x000001c70f134242 sp=0x000000bdcc6fdfe8 mode 0
Event: 57.476 Thread 0x000001c762aa6bc0 DEOPT PACKING pc=0x000001c709bcf8f2 sp=0x000000bdcc6fea70
Event: 57.476 Thread 0x000001c762aa6bc0 DEOPT UNPACKING pc=0x000001c70f134242 sp=0x000000bdcc6fdfe8 mode 0
Event: 57.486 Thread 0x000001c762aa6bc0 DEOPT PACKING pc=0x000001c709bcf8f2 sp=0x000000bdcc6fea70
Event: 57.486 Thread 0x000001c762aa6bc0 DEOPT UNPACKING pc=0x000001c70f134242 sp=0x000000bdcc6fdfe8 mode 0
Event: 57.498 Thread 0x000001c762aa6bc0 DEOPT PACKING pc=0x000001c709bcf8f2 sp=0x000000bdcc6fea70
Event: 57.498 Thread 0x000001c762aa6bc0 DEOPT UNPACKING pc=0x000001c70f134242 sp=0x000000bdcc6fdfe8 mode 0
Event: 57.515 Thread 0x000001c762aa6bc0 DEOPT PACKING pc=0x000001c709bcf8f2 sp=0x000000bdcc6fea70
Event: 57.515 Thread 0x000001c762aa6bc0 DEOPT UNPACKING pc=0x000001c70f134242 sp=0x000000bdcc6fdfe8 mode 0
Event: 57.529 Thread 0x000001c762aa6bc0 DEOPT PACKING pc=0x000001c709bcf8f2 sp=0x000000bdcc6fea70
Event: 57.529 Thread 0x000001c762aa6bc0 DEOPT UNPACKING pc=0x000001c70f134242 sp=0x000000bdcc6fdfe8 mode 0
Event: 57.613 Thread 0x000001c762aa6bc0 DEOPT PACKING pc=0x000001c709bcf8f2 sp=0x000000bdcc6fea70
Event: 57.613 Thread 0x000001c762aa6bc0 DEOPT UNPACKING pc=0x000001c70f134242 sp=0x000000bdcc6fdfe8 mode 0
Event: 57.686 Thread 0x000001c762aa6bc0 DEOPT PACKING pc=0x000001c709bcf8f2 sp=0x000000bdcc6fea70
Event: 57.686 Thread 0x000001c762aa6bc0 DEOPT UNPACKING pc=0x000001c70f134242 sp=0x000000bdcc6fdfe8 mode 0
Event: 57.698 Thread 0x000001c762aa6bc0 DEOPT PACKING pc=0x000001c709bcf8f2 sp=0x000000bdcc6fea70
Event: 57.698 Thread 0x000001c762aa6bc0 DEOPT UNPACKING pc=0x000001c70f134242 sp=0x000000bdcc6fdfe8 mode 0
Event: 57.716 Thread 0x000001c762aa6bc0 DEOPT PACKING pc=0x000001c709bcf8f2 sp=0x000000bdcc6fea70
Event: 57.716 Thread 0x000001c762aa6bc0 DEOPT UNPACKING pc=0x000001c70f134242 sp=0x000000bdcc6fdfe8 mode 0

Classes loaded (20 events):
Event: 19.946 Loading class com/sun/org/apache/xml/internal/serializer/XMLEntities_en
Event: 19.946 Loading class com/sun/org/apache/xml/internal/serializer/XMLEntities_en done
Event: 19.946 Loading class com/sun/org/apache/xml/internal/serializer/XMLEntities_en
Event: 19.946 Loading class com/sun/org/apache/xml/internal/serializer/XMLEntities_en done
Event: 19.946 Loading class com/sun/org/apache/xml/internal/serializer/XMLEntities_en_US
Event: 19.946 Loading class com/sun/org/apache/xml/internal/serializer/XMLEntities_en_US done
Event: 19.946 Loading class com/sun/org/apache/xml/internal/serializer/XMLEntities_en_US
Event: 19.946 Loading class com/sun/org/apache/xml/internal/serializer/XMLEntities_en_US done
Event: 20.418 Loading class sun/util/resources/cldr/TimeZoneNames_en_US
Event: 20.418 Loading class sun/util/resources/cldr/TimeZoneNames_en_US done
Event: 21.352 Loading class jdk/internal/event/ThreadSleepEvent
Event: 21.353 Loading class jdk/internal/event/ThreadSleepEvent done
Event: 36.828 Loading class jdk/internal/module/IllegalAccessLogger
Event: 36.828 Loading class jdk/internal/module/IllegalAccessLogger done
Event: 38.503 Loading class jdk/internal/module/IllegalAccessLogger
Event: 38.503 Loading class jdk/internal/module/IllegalAccessLogger done
Event: 40.819 Loading class jdk/internal/event/X509ValidationEvent
Event: 40.820 Loading class jdk/internal/event/X509ValidationEvent done
Event: 41.151 Loading class jdk/internal/event/TLSHandshakeEvent
Event: 41.151 Loading class jdk/internal/event/TLSHandshakeEvent done

Classes unloaded (0 events):
No events

Classes redefined (0 events):
No events

Internal exceptions (20 events):
Event: 55.945 Thread 0x000001c762aa6bc0 Exception <a 'sun/nio/fs/WindowsException'{0x00000000d56f7c30}> (0x00000000d56f7c30) 
thrown [s\src\hotspot\share\prims\jni.cpp, line 520]
Event: 55.966 Thread 0x000001c762aa6bc0 Exception <a 'sun/nio/fs/WindowsException'{0x00000000d57abbc8}> (0x00000000d57abbc8) 
thrown [s\src\hotspot\share\prims\jni.cpp, line 520]
Event: 56.092 Thread 0x000001c762aa6bc0 Exception <a 'sun/nio/fs/WindowsException'{0x00000000d59ff1a0}> (0x00000000d59ff1a0) 
thrown [s\src\hotspot\share\prims\jni.cpp, line 520]
Event: 56.133 Thread 0x000001c762aa6bc0 Exception <a 'sun/nio/fs/WindowsException'{0x00000000d574a628}> (0x00000000d574a628) 
thrown [s\src\hotspot\share\prims\jni.cpp, line 520]
Event: 56.206 Thread 0x000001c762aa6bc0 Exception <a 'sun/nio/fs/WindowsException'{0x00000000d57a1e40}> (0x00000000d57a1e40) 
thrown [s\src\hotspot\share\prims\jni.cpp, line 520]
Event: 56.228 Thread 0x000001c762aa6bc0 Exception <a 'sun/nio/fs/WindowsException'{0x00000000d55f1d80}> (0x00000000d55f1d80) 
thrown [s\src\hotspot\share\prims\jni.cpp, line 520]
Event: 56.371 Thread 0x000001c762aa6bc0 Exception <a 'sun/nio/fs/WindowsException'{0x00000000d574a208}> (0x00000000d574a208) 
thrown [s\src\hotspot\share\prims\jni.cpp, line 520]
Event: 56.461 Thread 0x000001c762aa6bc0 Exception <a 'sun/nio/fs/WindowsException'{0x00000000d568a130}> (0x00000000d568a130) 
thrown [s\src\hotspot\share\prims\jni.cpp, line 520]
Event: 56.546 Thread 0x000001c762aa6bc0 Exception <a 'sun/nio/fs/WindowsException'{0x00000000d562d088}> (0x00000000d562d088) 
thrown [s\src\hotspot\share\prims\jni.cpp, line 520]
Event: 56.721 Thread 0x000001c762aa6bc0 Exception <a 'sun/nio/fs/WindowsException'{0x00000000d55b6920}> (0x00000000d55b6920) 
thrown [s\src\hotspot\share\prims\jni.cpp, line 520]
Event: 56.779 Thread 0x000001c762aa6bc0 Exception <a 'sun/nio/fs/WindowsException'{0x00000000d58a5f88}> (0x00000000d58a5f88) 
thrown [s\src\hotspot\share\prims\jni.cpp, line 520]
Event: 56.832 Thread 0x000001c762aa6bc0 Exception <a 'sun/nio/fs/WindowsException'{0x00000000d57188a8}> (0x00000000d57188a8) 
thrown [s\src\hotspot\share\prims\jni.cpp, line 520]
Event: 56.877 Thread 0x000001c762aa6bc0 Exception <a 'sun/nio/fs/WindowsException'{0x00000000d5644fd0}> (0x00000000d5644fd0) 
thrown [s\src\hotspot\share\prims\jni.cpp, line 520]
Event: 56.917 Thread 0x000001c762aa6bc0 Exception <a 'sun/nio/fs/WindowsException'{0x00000000d56ef6c0}> (0x00000000d56ef6c0) 
thrown [s\src\hotspot\share\prims\jni.cpp, line 520]
Event: 56.952 Thread 0x000001c762aa6bc0 Exception <a 'sun/nio/fs/WindowsException'{0x00000000d5609570}> (0x00000000d5609570) 
thrown [s\src\hotspot\share\prims\jni.cpp, line 520]
Event: 57.369 Thread 0x000001c762aa6bc0 Exception <a 'sun/nio/fs/WindowsException'{0x00000000d55a4700}> (0x00000000d55a4700) 
thrown [s\src\hotspot\share\prims\jni.cpp, line 520]
Event: 57.401 Thread 0x000001c762aa6bc0 Exception <a 'sun/nio/fs/WindowsException'{0x00000000d566f270}> (0x00000000d566f270) 
thrown [s\src\hotspot\share\prims\jni.cpp, line 520]
Event: 57.595 Thread 0x000001c762aa6bc0 Exception <a 'sun/nio/fs/WindowsException'{0x00000000d56308d0}> (0x00000000d56308d0) 
thrown [s\src\hotspot\share\prims\jni.cpp, line 520]
Event: 57.656 Thread 0x000001c762aa6bc0 Exception <a 'sun/nio/fs/WindowsException'{0x00000000d571f5e8}> (0x00000000d571f5e8) 
thrown [s\src\hotspot\share\prims\jni.cpp, line 520]
Event: 57.672 Thread 0x000001c762aa6bc0 Exception <a 'sun/nio/fs/WindowsException'{0x00000000d57306e8}> (0x00000000d57306e8) 
thrown [s\src\hotspot\share\prims\jni.cpp, line 520]

ZGC Phase Switch (0 events):
No events

VM Operations (20 events):
Event: 59.197 Executing VM operation: ParallelGCFailedAllocation (Allocation Failure)
Event: 59.201 Executing VM operation: ParallelGCFailedAllocation (Allocation Failure) done
Event: 59.212 Executing VM operation: ParallelGCFailedAllocation (Allocation Failure)
Event: 59.215 Executing VM operation: ParallelGCFailedAllocation (Allocation Failure) done
Event: 59.232 Executing VM operation: ParallelGCFailedAllocation (Allocation Failure)
Event: 59.236 Executing VM operation: ParallelGCFailedAllocation (Allocation Failure) done
Event: 59.257 Executing VM operation: ParallelGCFailedAllocation (Allocation Failure)
Event: 59.263 Executing VM operation: ParallelGCFailedAllocation (Allocation Failure) done
Event: 59.278 Executing VM operation: ParallelGCFailedAllocation (Allocation Failure)
Event: 59.281 Executing VM operation: ParallelGCFailedAllocation (Allocation Failure) done
Event: 59.299 Executing VM operation: ParallelGCFailedAllocation (Allocation Failure)
Event: 59.302 Executing VM operation: ParallelGCFailedAllocation (Allocation Failure) done
Event: 59.315 Executing VM operation: ParallelGCFailedAllocation (Allocation Failure)
Event: 59.317 Executing VM operation: ParallelGCFailedAllocation (Allocation Failure) done
Event: 59.329 Executing VM operation: ParallelGCFailedAllocation (Allocation Failure)
Event: 59.332 Executing VM operation: ParallelGCFailedAllocation (Allocation Failure) done
Event: 60.283 Executing VM operation: HandshakeAllThreads (HandshakeForDeflation)
Event: 60.284 Executing VM operation: HandshakeAllThreads (HandshakeForDeflation) done
Event: 60.284 Executing VM operation: RendezvousGCThreads
Event: 60.284 Executing VM operation: RendezvousGCThreads done

Memory protections (0 events):
No events

Nmethod flushes (0 events):
No events

Events (20 events):
Event: 46.840 Thread 0x000001c76a4588f0 Thread exited: 0x000001c76a4588f0
Event: 46.840 Thread 0x000001c76a456eb0 Thread exited: 0x000001c76a456eb0
Event: 46.840 Thread 0x000001c76a455b00 Thread exited: 0x000001c76a455b00
Event: 46.840 Thread 0x000001c76a456820 Thread exited: 0x000001c76a456820
Event: 46.841 Thread 0x000001c76a458f80 Thread exited: 0x000001c76a458f80
Event: 48.674 Thread 0x000001c7687261a0 Thread added: 0x000001c76a457540
Event: 48.674 Thread 0x000001c7687261a0 Thread added: 0x000001c76a458260
Event: 48.674 Thread 0x000001c7687261a0 Thread added: 0x000001c76a456eb0
Event: 48.675 Thread 0x000001c7687261a0 Thread added: 0x000001c76a458f80
Event: 48.675 Thread 0x000001c7687261a0 Thread added: 0x000001c76a4588f0
Event: 48.767 Thread 0x000001c76a457540 Thread exited: 0x000001c76a457540
Event: 48.767 Thread 0x000001c76a458260 Thread exited: 0x000001c76a458260
Event: 48.767 Thread 0x000001c76a456eb0 Thread exited: 0x000001c76a456eb0
Event: 48.767 Thread 0x000001c76a4588f0 Thread exited: 0x000001c76a4588f0
Event: 48.768 Thread 0x000001c76a458f80 Thread exited: 0x000001c76a458f80
Event: 50.052 Thread 0x000001c7689de3f0 Thread exited: 0x000001c7689de3f0
Event: 50.099 Thread 0x000001c704a7d720 Thread added: 0x000001c76970a0d0
Event: 52.850 Thread 0x000001c76970a0d0 Thread exited: 0x000001c76970a0d0
Event: 53.662 Thread 0x000001c704a7d720 Thread added: 0x000001c76970a0d0
Event: 54.952 Thread 0x000001c76ab5d6c0 Thread added: 0x000001c76a456190


Dynamic libraries:
0x00007ff7f1c60000 - 0x00007ff7f1c6e000 	c:\Users\ASUS\.vscode\extensions\redhat.java-1.45.2025080108-win32-x64\jre\21.0.8-win32-x86_64\bin\java.exe
0x00007fff63620000 - 0x00007fff63888000 	C:\WINDOWS\SYSTEM32\ntdll.dll
0x00007fff61ea0000 - 0x00007fff61f69000 	C:\WINDOWS\System32\KERNEL32.DLL
0x00007fff60f00000 - 0x00007fff612ed000 	C:\WINDOWS\System32\KERNELBASE.dll
0x00007fff60970000 - 0x00007fff60abb000 	C:\WINDOWS\System32\ucrtbase.dll
0x00007fff5b580000 - 0x00007fff5b598000 	c:\Users\ASUS\.vscode\extensions\redhat.java-1.45.2025080108-win32-x64\jre\21.0.8-win32-x86_64\bin\jli.dll
0x00007fff61a10000 - 0x00007fff61bdc000 	C:\WINDOWS\System32\USER32.dll
0x00007fff612f0000 - 0x00007fff61317000 	C:\WINDOWS\System32\win32u.dll
0x00007fff62cd0000 - 0x00007fff62cfb000 	C:\WINDOWS\System32\GDI32.dll
0x00007fff60830000 - 0x00007fff60967000 	C:\WINDOWS\System32\gdi32full.dll
0x00007fff60e50000 - 0x00007fff60ef3000 	C:\WINDOWS\System32\msvcp_win.dll
0x00007fff4a5b0000 - 0x00007fff4a5ce000 	c:\Users\ASUS\.vscode\extensions\redhat.java-1.45.2025080108-win32-x64\jre\21.0.8-win32-x86_64\bin\VCRUNTIME140.dll
0x00007fff4d0e0000 - 0x00007fff4d37a000 	C:\WINDOWS\WinSxS\amd64_microsoft.windows.common-controls_6595b64144ccf1df_6.0.26100.4484_none_3e0e6d4ce32ef3b3\COMCTL32.dll
0x00007fff613c0000 - 0x00007fff61469000 	C:\WINDOWS\System32\msvcrt.dll
0x00007fff62c80000 - 0x00007fff62caf000 	C:\WINDOWS\System32\IMM32.DLL
0x00007fff5d740000 - 0x00007fff5d74c000 	c:\Users\ASUS\.vscode\extensions\redhat.java-1.45.2025080108-win32-x64\jre\21.0.8-win32-x86_64\bin\vcruntime140_1.dll
0x00007fff4a520000 - 0x00007fff4a5ad000 	c:\Users\ASUS\.vscode\extensions\redhat.java-1.45.2025080108-win32-x64\jre\21.0.8-win32-x86_64\bin\msvcp140.dll
0x00007fff009d0000 - 0x00007fff01767000 	c:\Users\ASUS\.vscode\extensions\redhat.java-1.45.2025080108-win32-x64\jre\21.0.8-win32-x86_64\bin\server\jvm.dll
0x00007fff62a80000 - 0x00007fff62b34000 	C:\WINDOWS\System32\ADVAPI32.dll
0x00007fff61f70000 - 0x00007fff62016000 	C:\WINDOWS\System32\sechost.dll
0x00007fff62260000 - 0x00007fff62378000 	C:\WINDOWS\System32\RPCRT4.dll
0x00007fff62b50000 - 0x00007fff62bc4000 	C:\WINDOWS\System32\WS2_32.dll
0x00007fff605c0000 - 0x00007fff6061e000 	C:\WINDOWS\SYSTEM32\POWRPROF.dll
0x00007fff58030000 - 0x00007fff58065000 	C:\WINDOWS\SYSTEM32\WINMM.dll
0x00007fff59080000 - 0x00007fff5908b000 	C:\WINDOWS\SYSTEM32\VERSION.dll
0x00007fff605a0000 - 0x00007fff605b4000 	C:\WINDOWS\SYSTEM32\UMPDC.dll
0x00007fff5f510000 - 0x00007fff5f52b000 	C:\WINDOWS\SYSTEM32\kernel.appcore.dll
0x00007fff5a630000 - 0x00007fff5a63a000 	c:\Users\ASUS\.vscode\extensions\redhat.java-1.45.2025080108-win32-x64\jre\21.0.8-win32-x86_64\bin\jimage.dll
0x00007fff55080000 - 0x00007fff552c1000 	C:\WINDOWS\SYSTEM32\DBGHELP.DLL
0x00007fff62410000 - 0x00007fff62796000 	C:\WINDOWS\System32\combase.dll
0x00007fff62d30000 - 0x00007fff62e10000 	C:\WINDOWS\System32\OLEAUT32.dll
0x00007fff44b60000 - 0x00007fff44ba3000 	C:\WINDOWS\SYSTEM32\dbgcore.DLL
0x00007fff61320000 - 0x00007fff613b9000 	C:\WINDOWS\System32\bcryptPrimitives.dll
0x00007fff5b520000 - 0x00007fff5b52f000 	c:\Users\ASUS\.vscode\extensions\redhat.java-1.45.2025080108-win32-x64\jre\21.0.8-win32-x86_64\bin\instrument.dll
0x00007fff4a500000 - 0x00007fff4a51f000 	c:\Users\ASUS\.vscode\extensions\redhat.java-1.45.2025080108-win32-x64\jre\21.0.8-win32-x86_64\bin\java.dll
0x00007fff62e90000 - 0x00007fff635da000 	C:\WINDOWS\System32\SHELL32.dll
0x00007fff60ac0000 - 0x00007fff60c34000 	C:\WINDOWS\System32\wintypes.dll
0x00007fff5e3d0000 - 0x00007fff5ec2b000 	C:\WINDOWS\SYSTEM32\windows.storage.dll
0x00007fff61470000 - 0x00007fff61565000 	C:\WINDOWS\System32\SHCORE.dll
0x00007fff61db0000 - 0x00007fff61e1a000 	C:\WINDOWS\System32\shlwapi.dll
0x00007fff60680000 - 0x00007fff606af000 	C:\WINDOWS\SYSTEM32\profapi.dll
0x00007fff48340000 - 0x00007fff48358000 	c:\Users\ASUS\.vscode\extensions\redhat.java-1.45.2025080108-win32-x64\jre\21.0.8-win32-x86_64\bin\zip.dll
0x00007fff5a620000 - 0x00007fff5a630000 	C:\Users\ASUS\.vscode\extensions\redhat.java-1.45.2025080108-win32-x64\jre\21.0.8-win32-x86_64\bin\net.dll
0x00007fff5a8d0000 - 0x00007fff5a9ee000 	C:\WINDOWS\SYSTEM32\WINHTTP.dll
0x00007fff5faa0000 - 0x00007fff5fb0a000 	C:\WINDOWS\system32\mswsock.dll
0x00007fff4b020000 - 0x00007fff4b036000 	C:\Users\ASUS\.vscode\extensions\redhat.java-1.45.2025080108-win32-x64\jre\21.0.8-win32-x86_64\bin\nio.dll
0x00007fff598d0000 - 0x00007fff598e0000 	c:\Users\ASUS\.vscode\extensions\redhat.java-1.45.2025080108-win32-x64\jre\21.0.8-win32-x86_64\bin\verify.dll
0x00007fff353c0000 - 0x00007fff35404000 	C:\Users\ASUS\AppData\Roaming\Code\User\globalStorage\redhat.java\1.45.2025080108\config_win\org.eclipse.equinox.launcher\org.eclipse.equinox.launcher.win32.win32.x86_64_1.2.1400.v20250731-1958\eclipse_11914.dll
0x00007fff62030000 - 0x00007fff621ce000 	C:\WINDOWS\System32\ole32.dll
0x00007fff5fd60000 - 0x00007fff5fd7b000 	C:\WINDOWS\SYSTEM32\CRYPTSP.dll
0x00007fff5f470000 - 0x00007fff5f4ab000 	C:\WINDOWS\system32\rsaenh.dll
0x00007fff5fb40000 - 0x00007fff5fb6b000 	C:\WINDOWS\SYSTEM32\USERENV.dll
0x00007fff60650000 - 0x00007fff60676000 	C:\WINDOWS\SYSTEM32\bcrypt.dll
0x00007fff5fd50000 - 0x00007fff5fd5c000 	C:\WINDOWS\SYSTEM32\CRYPTBASE.dll
0x00007fff5ef40000 - 0x00007fff5ef73000 	C:\WINDOWS\SYSTEM32\IPHLPAPI.DLL
0x00007fff62b40000 - 0x00007fff62b4a000 	C:\WINDOWS\System32\NSI.dll
0x00007fff2cca0000 - 0x00007fff2cce9000 	C:\Users\ASUS\AppData\Local\Temp\jna-2018896\jna507595232156283997.dll
0x00007fff61a00000 - 0x00007fff61a08000 	C:\WINDOWS\System32\PSAPI.DLL
0x00007fff5acb0000 - 0x00007fff5accf000 	C:\WINDOWS\SYSTEM32\dhcpcsvc6.DLL
0x00007fff5ac10000 - 0x00007fff5ac35000 	C:\WINDOWS\SYSTEM32\dhcpcsvc.DLL
0x00007fff51200000 - 0x00007fff5120e000 	C:\Users\ASUS\.vscode\extensions\redhat.java-1.45.2025080108-win32-x64\jre\21.0.8-win32-x86_64\bin\sunmscapi.dll
0x00007fff60c40000 - 0x00007fff60db7000 	C:\WINDOWS\System32\CRYPT32.dll
0x00007fff5ff70000 - 0x00007fff5ffa0000 	C:\WINDOWS\SYSTEM32\ncrypt.dll
0x00007fff5ff20000 - 0x00007fff5ff5f000 	C:\WINDOWS\SYSTEM32\NTASN1.dll
0x00007fff5efd0000 - 0x00007fff5f0f6000 	C:\WINDOWS\SYSTEM32\DNSAPI.dll
0x00007fff5a5d0000 - 0x00007fff5a5db000 	C:\Windows\System32\rasadhlp.dll
0x00007fff5af90000 - 0x00007fff5b016000 	C:\WINDOWS\System32\fwpuclnt.dll
0x00007fff54550000 - 0x00007fff54559000 	C:\Users\ASUS\.vscode\extensions\redhat.java-1.45.2025080108-win32-x64\jre\21.0.8-win32-x86_64\bin\extnet.dll
0x00007fff5f640000 - 0x00007fff5f676000 	C:\WINDOWS\SYSTEM32\ntmarta.dll

JVMTI agents:
c:\Users\ASUS\.vscode\extensions\redhat.java-1.45.2025080108-win32-x64\lombok\lombok-1.18.39-4050.jar path:c:\Users\ASUS\.vscode\extensions\redhat.java-1.45.2025080108-win32-x64\jre\21.0.8-win32-x86_64\bin\instrument.dll, loaded, initialized, instrumentlib options:none

dbghelp: loaded successfully - version: 4.0.5 - missing functions: none
symbol engine: initialized successfully - sym options: 0x614 - pdb path: .;c:\Users\ASUS\.vscode\extensions\redhat.java-1.45.2025080108-win32-x64\jre\21.0.8-win32-x86_64\bin;C:\WINDOWS\SYSTEM32;C:\WINDOWS\WinSxS\amd64_microsoft.windows.common-controls_6595b64144ccf1df_6.0.26100.4484_none_3e0e6d4ce32ef3b3;c:\Users\ASUS\.vscode\extensions\redhat.java-1.45.2025080108-win32-x64\jre\21.0.8-win32-x86_64\bin\server;C:\Users\ASUS\AppData\Roaming\Code\User\globalStorage\redhat.java\1.45.2025080108\config_win\org.eclipse.equinox.launcher\org.eclipse.equinox.launcher.win32.win32.x86_64_1.2.1400.v20250731-1958;C:\Users\ASUS\AppData\Local\Temp\jna-2018896

VM Arguments:
jvm_args: --add-modules=ALL-SYSTEM --add-opens=java.base/java.util=ALL-UNNAMED --add-opens=java.base/java.lang=ALL-UNNAMED --add-opens=java.base/sun.nio.fs=ALL-UNNAMED -Declipse.application=org.eclipse.jdt.ls.core.id1 -Dosgi.bundles.defaultStartLevel=4 -Declipse.product=org.eclipse.jdt.ls.core.product -Djava.import.generatesMetadataFilesAtProjectRoot=false -DDetectVMInstallationsJob.disabled=true -Dfile.encoding=utf8 -XX:+UseParallelGC -XX:GCTimeRatio=4 -XX:AdaptiveSizePolicyWeight=90 -Dsun.zip.disableMemoryMapping=true -Xmx2G -Xms100m -Xlog:disable -javaagent:c:\Users\ASUS\.vscode\extensions\redhat.java-1.45.2025080108-win32-x64\lombok\lombok-1.18.39-4050.jar -XX:+HeapDumpOnOutOfMemoryError -XX:HeapDumpPath=c:\Users\ASUS\AppData\Roaming\Code\User\workspaceStorage\12ff0955369a469bec2a59cb5fac1699\redhat.java -Daether.dependencyCollector.impl=bf -XX:+UnlockDiagnosticVMOptions -XX:+AllowArchivingWithJavaAgent -XX:+AutoCreateSharedArchive -XX:SharedArchiveFile=c:\Users\ASUS\AppData\Roaming\Code\User\globalStorage\redhat.java\1.45.2025080108\jdtls.jsa 
java_command: c:\Users\ASUS\.vscode\extensions\redhat.java-1.45.2025080108-win32-x64\server\plugins\org.eclipse.equinox.launcher_1.7.0.v20250519-0528.jar -configuration c:\Users\ASUS\AppData\Roaming\Code\User\globalStorage\redhat.java\1.45.2025080108\config_win -data c:\Users\ASUS\AppData\Roaming\Code\User\workspaceStorage\12ff0955369a469bec2a59cb5fac1699\redhat.java\jdt_ws --pipe=\\.\pipe\lsp-fab2a193768cf25376e48482fb947a15-sock
java_class_path (initial): c:\Users\ASUS\.vscode\extensions\redhat.java-1.45.2025080108-win32-x64\server\plugins\org.eclipse.equinox.launcher_1.7.0.v20250519-0528.jar
Launcher Type: SUN_STANDARD

[Global flags]
    uintx AdaptiveSizePolicyWeight                 = 90                                        {product} {command line}
     bool AllowArchivingWithJavaAgent              = true                             {JVMCI diagnostic} {command line}
     bool AutoCreateSharedArchive                  = false                               {JVMCI product} {command line}
     intx CICompilerCount                          = 4                                         {product} {ergonomic}
    uintx GCTimeRatio                              = 4                                         {product} {command line}
     bool HeapDumpOnOutOfMemoryError               = true                                   {manageable} {command line}
    ccstr HeapDumpPath                             = c:\Users\ASUS\AppData\Roaming\Code\User\workspaceStorage\12ff0955369a469bec2a59cb5fac1699\redhat.java         {manageable} {command line}
   size_t InitialHeapSize                          = 104857600                                 {product} {command line}
   size_t MaxHeapSize                              = 2147483648                                {product} {command line}
   size_t MaxNewSize                               = 715653120                                 {product} {ergonomic}
   size_t MinHeapDeltaBytes                        = 524288                                    {product} {ergonomic}
   size_t MinHeapSize                              = 104857600                                 {product} {command line}
   size_t NewSize                                  = 34603008                                  {product} {ergonomic}
    uintx NonNMethodCodeHeapSize                   = 5839372                                {pd product} {ergonomic}
    uintx NonProfiledCodeHeapSize                  = 122909434                              {pd product} {ergonomic}
   size_t OldSize                                  = 70254592                                  {product} {ergonomic}
    uintx ProfiledCodeHeapSize                     = 122909434                              {pd product} {ergonomic}
    uintx ReservedCodeCacheSize                    = 251658240                              {pd product} {ergonomic}
     bool SegmentedCodeCache                       = true                                      {product} {ergonomic}
    ccstr SharedArchiveFile                        = c:\Users\ASUS\AppData\Roaming\Code\User\globalStorage\redhat.java\1.45.2025080108\jdtls.jsa      {JVMCI product} {command line}
   size_t SoftMaxHeapSize                          = 2147483648                             {manageable} {ergonomic}
     bool UnlockDiagnosticVMOptions                = true                                   {diagnostic} {command line}
     bool UseCompressedOops                        = true                           {product lp64_product} {ergonomic}
     bool UseLargePagesIndividualAllocation        = false                                  {pd product} {ergonomic}
     bool UseParallelGC                            = true                                      {product} {command line}

Logging:
Log output configuration:
 #0: stdout all=off uptime,level,tags foldmultilines=false
 #1: stderr all=off uptime,level,tags foldmultilines=false

Environment Variables:
PATH=C:\Program Files\Common Files\Oracle\Java\javapath;C:\Program Files\Microsoft MPI\Bin\;C:\Windows\system32;C:\Windows;C:\Windows\System32\Wbem;C:\Windows\System32\WindowsPowerShell\v1.0\;C:\Windows\System32\OpenSSH\;C:\Program Files (x86)\NVIDIA Corporation\PhysX\Common;C:\Program Files\NVIDIA Corporation\NVIDIA NvDLISR;C:\Program Files\dotnet\;D:\SQLData\SQLServer86\160\Tools\Binn\;D:\SQLData\SQLServer64\160\Tools\Binn\;D:\SQLData\SQLServer64\Client SDK\ODBC\170\Tools\Binn\;D:\SQLData\SQLServer64\160\DTS\Binn\;D:\SQLData\SQLServer86\160\DTS\Binn\;C:\Program Files (x86)\Microsoft SQL Server\160\DTS\Binn\;C:\Program Files\Microsoft SQL Server\Client SDK\ODBC\170\Tools\Binn\;C:\Program Files\Microsoft SQL Server\160\DTS\Binn\;C:\Program Files\Git\cmd;C:\Program Files\nodejs\;%SystemRoot%\system32;%SystemRoot%;%SystemRoot%\System32\Wbem;%SYSTEMROOT%\System32\WindowsPowerShell\v1.0\;%SYSTEMROOT%\System32\OpenSSH\;C:\Program Files\MySQL\MySQL Shell 8.0\bin\;C:\Users\ASUS\AppData\Local\Programs\Python\Python312\Scripts\;C:\Users\ASUS\AppData\Local\Programs\Python\Python312\;C:\Users\ASUS\AppData\Local\Programs\Python\Launcher\;C:\Program Files\Common Files\Oracle\Java\javapath;C:\Program Files\Microsoft MPI\Bin\;C:\Windows\system32;C:\Windows;C:\Windows\System32\Wbem;C:\Windows\System32\WindowsPowerShell\v1.0\;C:\Windows\System32\OpenSSH\;C:\Program Files (x86)\NVIDIA Corporation\PhysX\Common;C:\Program Files\NVIDIA Corporation\NVIDIA NvDLISR;C:\Program Files\dotnet\;D:\SQLData\SQLServer86\160\Tools\Binn\;D:\SQLData\SQLServer64\160\Tools\Binn\;D:\SQLData\SQLServer64\Client SDK\ODBC\170\Tools\Binn\;D:\SQLData\SQLServer64\160\DTS\Binn\;D:\SQLData\SQLServer86\160\DTS\Binn\;C:\Program Files (x86)\Microsoft SQL Server\160\DTS\Binn\;C:\Program Files\Microsoft SQL Server\Client SDK\ODBC\170\Tools\Binn\;C:\Program Files\Microsoft SQL Server\160\DTS\Binn\;C:\Program Files\Git\cmd;C:\Program Files\nodejs\;C:\Users\ASUS\AppData\Local\Microsoft\WindowsApps;C:\Users\ASUS\AppData\Roaming\npm;C:\Program Files\nodejs" /M;C:\Users\ASUS\AppData\Local\Programs\Microsoft VS Code\bin;C:\Users\ASUS\AppData\Local\Microsoft\WindowsApps;
USERNAME=ASUS
OS=Windows_NT
PROCESSOR_IDENTIFIER=AMD64 Family 23 Model 96 Stepping 1, AuthenticAMD
TMP=C:\Users\ASUS\AppData\Local\Temp
TEMP=C:\Users\ASUS\AppData\Local\Temp




Periodic native trim disabled

---------------  S Y S T E M  ---------------

OS:
 Windows 11 , 64 bit Build 26100 (10.0.26100.4484)
OS uptime: 1 days 3:32 hours

CPU: total 12 (initial active 12) (12 cores per cpu, 2 threads per core) family 23 model 96 stepping 1 microcode 0x8600106, cx8, cmov, fxsr, ht, mmx, 3dnowpref, sse, sse2, sse3, ssse3, sse4a, sse4.1, sse4.2, popcnt, lzcnt, tsc, tscinvbit, avx, avx2, aes, clmul, bmi1, bmi2, adx, sha, fma, vzeroupper, clflush, clflushopt, rdtscp, rdpid, f16c
Processor Information for the first 12 processors :
  Max Mhz: 3001, Current Mhz: 3001, Mhz Limit: 3001

Memory: 4k page, system-wide physical 7597M (522M free)
TotalPageFile size 31149M (AvailPageFile size 6M)
current process WorkingSet (physical memory assigned to process): 863M, peak: 863M
current process commit charge ("private bytes"): 993M, peak: 993M

vm_info: OpenJDK 64-Bit Server VM (21.0.8+9-LTS) for windows-amd64 JRE (21.0.8+9-LTS), built on 2025-07-15T00:00:00Z by "admin" with MS VC++ 17.7 (VS2022)

END.
